#
# A fatal error has been detected by the Java Runtime Environment:
#
#  SIGSEGV (0xb) at pc=0x0000000123a4c515, pid=41949, tid=775
#
# JRE version: Java(TM) SE Runtime Environment (13.0.2+8) (build 13.0.2+8)
# Java VM: Java HotSpot(TM) 64-Bit Server VM (13.0.2+8, mixed mode, sharing, tiered, compressed oops, g1 gc, bsd-amd64)
# Problematic frame:
# C  [libglass.dylib+0x9515]  -[GlassApplication applicationWillHide:]+0xd5
#
# No core dump will be written. Core dumps have been disabled. To enable core dumping, try "ulimit -c unlimited" before starting Java again
#
# If you would like to submit a bug report, please visit:
#   http://bugreport.java.com/bugreport/crash.jsp
#

---------------  S U M M A R Y ------------

Command Line: --module-path=/Library/javafx/lib --add-modules=javafx.controls -Dfile.encoding=UTF-8 Launcher

Host: MacBookAir7,2 x86_64 1800 MHz, 4 cores, 8G, Darwin 19.4.0
Time: Wed Apr 29 02:10:44 2020 CEST elapsed time: 97 seconds (0d 0h 1m 37s)

---------------  T H R E A D  ---------------

Current thread is native thread

Stack: [0x00007ffeee82e000,0x00007ffeef02e000],  sp=0x00007ffeef029b50,  free space=8174k
Native frames: (J=compiled Java code, A=aot compiled Java code, j=interpreted, Vv=VM code, C=native code)
C  [libglass.dylib+0x9515]  -[GlassApplication applicationWillHide:]+0xd5
C  [CoreFoundation+0x799cf]  __CFNOTIFICATIONCENTER_IS_CALLING_OUT_TO_AN_OBSERVER__+0xc
C  [CoreFoundation+0x79963]  ___CFXRegistrationPost1_block_invoke+0x3f
C  [CoreFoundation+0x798d8]  _CFXRegistrationPost1+0x174
C  [CoreFoundation+0x79544]  ___CFXNotificationPost_block_invoke+0x50
C  [CoreFoundation+0x496bd]  -[_CFXNotificationRegistrar find:object:observer:enumerator:]+0x612
C  [CoreFoundation+0x48b69]  _CFXNotificationPost+0x547
C  [Foundation+0x9866]  -[NSNotificationCenter postNotificationName:object:userInfo:]+0x3b
C  [AppKit+0x2fe18c]  -[NSApplication _doHideMaybeFakingIt:]+0x118
C  [AppKit+0x27333a]  _hideShowHandler+0x8a
C  [HIToolbox+0x88ff]  DispatchEventToHandlers(EventTargetRec*, OpaqueEventRef*, HandlerCallRec*)+0x4e6
C  [HIToolbox+0x7d8d]  SendEventToEventTargetInternal(OpaqueEventRef*, OpaqueEventTargetRef*, HandlerCallRec*)+0x149
C  [HIToolbox+0x1d47e]  SendEventToEventTarget+0x27
C  [AppKit+0x4114e]  _DPSNextEvent+0x828
C  [AppKit+0x3f4e0]  -[NSApplication(NSEvent) _nextEventMatchingEventMask:untilDate:inMode:dequeue:]+0x548
C  [AppKit+0x311ee]  -[NSApplication run]+0x292
C  [libosxapp.dylib+0x2836]  +[NSApplicationAWT runAWTLoopWithApp:]+0xde
C  [libawt_lwawt.dylib+0x3834e]  +[AWTStarter starter:headless:]+0x342
C  [JavaNativeFoundation+0x6ff9]  +[JNFRunLoop _performCopiedBlock:]+0xf
C  [Foundation+0x9b1bd]  __NSThreadPerformPerform+0xcc
C  [CoreFoundation+0x83f12]  __CFRUNLOOP_IS_CALLING_OUT_TO_A_SOURCE0_PERFORM_FUNCTION__+0x11
C  [CoreFoundation+0x83eb1]  __CFRunLoopDoSource0+0x67
C  [CoreFoundation+0x83ccb]  __CFRunLoopDoSources0+0xd1
C  [CoreFoundation+0x829fa]  __CFRunLoopRun+0x39f
C  [CoreFoundation+0x81ffe]  CFRunLoopRunSpecific+0x1ce
C  [libjli.dylib+0x6619]  CreateExecutionEnvironment+0x18f
C  [libjli.dylib+0x275e]  JLI_Launch+0x54a
C  [java+0xca9]  main+0x16f
C  [libdyld.dylib+0x1acc9]  start+0x1


siginfo: si_signo: 11 (SIGSEGV), si_code: 1 (SEGV_MAPERR), si_addr: 0x0000000000000000

Register to memory mapping:

RAX=
[error occurred during error reporting (printing register info), id 0xb, SIGSEGV (0xb) at pc=0x0000000101b31616]

Registers:
RAX=0x00007fe1df68b300, RBX=0x0000000000000000, RCX=0x00007fe1e10eb0c0, RDX=0x0000000000000000
RSP=0x00007ffeef029b50, RBP=0x00007ffeef029f80, RSI=0x00007fe1e10eb000, RDI=0x00007fe1e10eb0b8
R8 =0x0000000000000000, R9 =0x00007fe1df68b300, R10=0x00007fff90e10900, R11=0x00007fff3b26f5ec
R12=0x00007fff719b2800, R13=0x0000000000000000, R14=0x00007fe1df76e210, R15=0x00007fe1df68b300
RIP=0x0000000123a4c515, EFLAGS=0x0000000000010202, ERR=0x0000000000000004
  TRAPNO=0x000000000000000e

Top of Stack: (sp=0x00007ffeef029b50)
0x00007ffeef029b50:   0000000123a4c4b5 00007fff38c159cf
0x00007ffeef029b60:   00007fff38c15963 00007fff38c158d8
0x00007ffeef029b70:   00007fff38c15544 00007fff38be56bd
0x00007ffeef029b80:   00007fff38be4b69 00007fff3b25b866
0x00007ffeef029b90:   00007fff3615a18c 00007fff360cf33a
0x00007ffeef029ba0:   00007fff3782a8ff 00007fff37829d8d
0x00007ffeef029bb0:   00007fff3783f47e 00007fff35e9d14e
0x00007ffeef029bc0:   00007fff35e9b4e0 00007fff35e8d1ee
0x00007ffeef029bd0:   0000000126ecb836 000000012729134e
0x00007ffeef029be0:   00007fff3d532ff9 00007fff3b2ed1bd
0x00007ffeef029bf0:   00007fff38c1ff12 00007fff38c1feb1
0x00007ffeef029c00:   00007fff38c1fccb 00007fff38c1e9fa
0x00007ffeef029c10:   00007fff38c1dffe 0000000100be6619
0x00007ffeef029c20:   0000000100be275e 0000000100bd2ca9
0x00007ffeef029c30:   00007fff72b66cc9 0000000000000008
0x00007ffeef029c40:   0000000000000000 0000000000000000
0x00007ffeef029c50:   0000000000000000 0000000000000000
0x00007ffeef029c60:   0000000000000000 0000000000000000
0x00007ffeef029c70:   0000000000000000 0000000000000000
0x00007ffeef029c80:   0000000000000000 0000000000000000
0x00007ffeef029c90:   0000000000000000 0000000000000000
0x00007ffeef029ca0:   0000000000000000 0000000000000000
0x00007ffeef029cb0:   0000000000000000 0000000000000000
0x00007ffeef029cc0:   0000000000000000 0000000000000000
0x00007ffeef029cd0:   0000000000000000 0000000000000000
0x00007ffeef029ce0:   0000000000000000 0000000000000000
0x00007ffeef029cf0:   0000000000000000 0000000000000000
0x00007ffeef029d00:   0000000000000000 0000000000000000
0x00007ffeef029d10:   0000000000000000 0000000000000000
0x00007ffeef029d20:   0000000000000000 0000000000000000
0x00007ffeef029d30:   0000000000000000 0000000000000000
0x00007ffeef029d40:   0000000000000000 0000000000000000 

Instructions: (pc=0x0000000123a4c515)
0x0000000123a4c415:   88 00 00 00 48 8b 05 10 fd 02 00 48 8b 00 48 3b
0x0000000123a4c425:   45 d0 75 12 48 81 c4 08 04 00 00 5b 41 5c 41 5d
0x0000000123a4c435:   41 5e 41 5f 5d c3 e8 38 52 02 00 55 48 89 e5 41
0x0000000123a4c445:   57 41 56 41 55 41 54 53 48 81 ec 08 04 00 00 49
0x0000000123a4c455:   89 fe 48 8b 05 d2 fc 02 00 48 8b 00 48 89 45 d0
0x0000000123a4c465:   4c 8d 25 dc a5 03 00 49 8b 1c 24 48 85 db 75 78
0x0000000123a4c475:   48 8b 05 bc fc 02 00 48 8b 38 48 8d 35 f6 a0 02
0x0000000123a4c485:   00 48 8d 15 30 ab 02 00 48 8d 0d 57 a9 02 00 41
0x0000000123a4c495:   b8 2d 01 00 00 31 c0 e8 13 52 02 00 4c 8d bd d0
0x0000000123a4c4a5:   fb ff ff be 80 00 00 00 4c 89 ff e8 e1 51 02 00
0x0000000123a4c4b5:   89 c3 4c 89 ff 89 de e8 db 51 02 00 49 89 c7 85
0x0000000123a4c4c5:   db 7e 19 41 89 dd 4c 89 fb 66 90 48 8b 3b e8 68
0x0000000123a4c4d5:   53 02 00 48 83 c3 08 49 ff cd 75 ef 4c 89 ff e8
0x0000000123a4c4e5:   d1 51 02 00 49 8b 1c 24 48 8b 3d 6c 93 03 00 48
0x0000000123a4c4f5:   8b 35 85 81 03 00 4c 8b 25 7e fc 02 00 41 ff d4
0x0000000123a4c505:   48 8b 35 9c 81 03 00 48 89 c7 41 ff d4 49 89 c7
0x0000000123a4c515:   48 8b 03 4c 8b a8 e8 01 00 00 48 8b 05 5a 96 03
0x0000000123a4c525:   00 4d 8b 34 06 48 8b 3d 6f 93 03 00 48 8b 35 90
0x0000000123a4c535:   86 03 00 41 ff d4 48 89 c1 31 c0 48 89 df 4c 89
0x0000000123a4c545:   f6 48 89 ca 41 ff d5 48 8b 35 75 81 03 00 4c 89
0x0000000123a4c555:   ff 41 ff d4 48 8b 03 48 89 df ff 50 78 49 89 c6
0x0000000123a4c565:   4d 85 f6 74 3f 48 8b 03 48 89 df ff 90 88 00 00
0x0000000123a4c575:   00 4c 8b 03 48 8d 05 d0 a4 03 00 48 8b 30 48 8d
0x0000000123a4c585:   05 2e a6 03 00 48 8b 50 50 31 c0 48 89 df 4c 89
0x0000000123a4c595:   f1 41 ff 90 68 04 00 00 48 8b 03 48 89 df ff 90
0x0000000123a4c5a5:   88 00 00 00 48 8b 05 80 fb 02 00 48 8b 00 48 3b
0x0000000123a4c5b5:   45 d0 75 12 48 81 c4 08 04 00 00 5b 41 5c 41 5d
0x0000000123a4c5c5:   41 5e 41 5f 5d c3 e8 a8 50 02 00 55 48 89 e5 41
0x0000000123a4c5d5:   57 41 56 41 55 41 54 53 48 81 ec 08 04 00 00 49
0x0000000123a4c5e5:   89 fe 48 8b 05 42 fb 02 00 48 8b 00 48 89 45 d0
0x0000000123a4c5f5:   4c 8d 25 4c a4 03 00 49 8b 1c 24 48 85 db 75 78
0x0000000123a4c605:   48 8b 05 2c fb 02 00 48 8b 38 48 8d 35 66 9f 02 


Stack slot to memory mapping:
stack at sp + 0 slots: 
[error occurred during error reporting (inspecting top of stack), id 0xb, SIGSEGV (0xb) at pc=0x0000000101b31616]


---------------  P R O C E S S  ---------------

VM state:not at safepoint (normal execution)

VM Mutex/Monitor currently owned by a thread: None

Heap address: 0x0000000780000000, size: 2048 MB, Compressed Oops mode: Zero based, Oop shift amount: 3
Narrow klass base: 0x0000000800000000, Narrow klass shift: 3
Compressed class space size: 1073741824 Address: 0x0000000800ae0000

Heap:
 garbage-first heap   total 185344K, used 91967K [0x0000000780000000, 0x0000000800000000)
  region size 1024K, 57 young (58368K), 1 survivors (1024K)
 Metaspace       used 13113K, capacity 13572K, committed 13696K, reserved 1060864K
  class space    used 1697K, capacity 1881K, committed 1920K, reserved 1048576K
Heap Regions: E=young(eden), S=young(survivor), O=old, HS=humongous(starts), HC=humongous(continues), CS=collection set, F=free, A=archive, TAMS=top-at-mark-start (previous, next)
|   0|0x0000000780000000, 0x0000000780100000, 0x0000000780100000|100%| O|  |TAMS 0x0000000780000000, 0x0000000780000000| Untracked 
|   1|0x0000000780100000, 0x0000000780200000, 0x0000000780200000|100%| O|  |TAMS 0x0000000780100000, 0x0000000780100000| Untracked 
|   2|0x0000000780200000, 0x0000000780300000, 0x0000000780300000|100%|HS|  |TAMS 0x0000000780200000, 0x0000000780200000| Complete 
|   3|0x0000000780300000, 0x0000000780400000, 0x0000000780400000|100%|HC|  |TAMS 0x0000000780300000, 0x0000000780300000| Complete 
|   4|0x0000000780400000, 0x0000000780500000, 0x0000000780500000|100%|HS|  |TAMS 0x0000000780400000, 0x0000000780400000| Complete 
|   5|0x0000000780500000, 0x0000000780600000, 0x0000000780600000|100%|HS|  |TAMS 0x0000000780500000, 0x0000000780500000| Complete 
|   6|0x0000000780600000, 0x0000000780700000, 0x0000000780700000|100%|HC|  |TAMS 0x0000000780600000, 0x0000000780600000| Complete 
|   7|0x0000000780700000, 0x0000000780800000, 0x0000000780800000|100%| O|  |TAMS 0x0000000780700000, 0x0000000780700000| Untracked 
|   8|0x0000000780800000, 0x0000000780900000, 0x0000000780900000|100%| O|  |TAMS 0x0000000780800000, 0x0000000780800000| Untracked 
|   9|0x0000000780900000, 0x0000000780a00000, 0x0000000780a00000|100%| O|  |TAMS 0x0000000780900000, 0x0000000780900000| Untracked 
|  10|0x0000000780a00000, 0x0000000780ac5400, 0x0000000780b00000| 77%| O|  |TAMS 0x0000000780a00000, 0x0000000780a00000| Untracked 
|  11|0x0000000780b00000, 0x0000000780c00000, 0x0000000780c00000|100%|HS|  |TAMS 0x0000000780b00000, 0x0000000780b00000| Complete 
|  12|0x0000000780c00000, 0x0000000780d00000, 0x0000000780d00000|100%|HC|  |TAMS 0x0000000780c00000, 0x0000000780c00000| Complete 
|  13|0x0000000780d00000, 0x0000000780e00000, 0x0000000780e00000|100%|HS|  |TAMS 0x0000000780d00000, 0x0000000780d00000| Complete 
|  14|0x0000000780e00000, 0x0000000780f00000, 0x0000000780f00000|100%|HC|  |TAMS 0x0000000780e00000, 0x0000000780e00000| Complete 
|  15|0x0000000780f00000, 0x0000000781000000, 0x0000000781000000|100%|HS|  |TAMS 0x0000000780f00000, 0x0000000780f00000| Complete 
|  16|0x0000000781000000, 0x0000000781100000, 0x0000000781100000|100%|HC|  |TAMS 0x0000000781000000, 0x0000000781000000| Complete 
|  17|0x0000000781100000, 0x0000000781200000, 0x0000000781200000|100%|HS|  |TAMS 0x0000000781100000, 0x0000000781100000| Complete 
|  18|0x0000000781200000, 0x0000000781300000, 0x0000000781300000|100%|HC|  |TAMS 0x0000000781200000, 0x0000000781200000| Complete 
|  19|0x0000000781300000, 0x0000000781400000, 0x0000000781400000|100%|HS|  |TAMS 0x0000000781300000, 0x0000000781300000| Complete 
|  20|0x0000000781400000, 0x0000000781500000, 0x0000000781500000|100%|HC|  |TAMS 0x0000000781400000, 0x0000000781400000| Complete 
|  21|0x0000000781500000, 0x0000000781600000, 0x0000000781600000|100%|HS|  |TAMS 0x0000000781500000, 0x0000000781500000| Complete 
|  22|0x0000000781600000, 0x0000000781700000, 0x0000000781700000|100%|HC|  |TAMS 0x0000000781600000, 0x0000000781600000| Complete 
|  23|0x0000000781700000, 0x0000000781800000, 0x0000000781800000|100%|HS|  |TAMS 0x0000000781700000, 0x0000000781700000| Complete 
|  24|0x0000000781800000, 0x0000000781900000, 0x0000000781900000|100%|HC|  |TAMS 0x0000000781800000, 0x0000000781800000| Complete 
|  25|0x0000000781900000, 0x0000000781a00000, 0x0000000781a00000|100%|HS|  |TAMS 0x0000000781900000, 0x0000000781900000| Complete 
|  26|0x0000000781a00000, 0x0000000781b00000, 0x0000000781b00000|100%|HC|  |TAMS 0x0000000781a00000, 0x0000000781a00000| Complete 
|  27|0x0000000781b00000, 0x0000000781c00000, 0x0000000781c00000|100%|HS|  |TAMS 0x0000000781b00000, 0x0000000781b00000| Complete 
|  28|0x0000000781c00000, 0x0000000781d00000, 0x0000000781d00000|100%|HC|  |TAMS 0x0000000781c00000, 0x0000000781c00000| Complete 
|  29|0x0000000781d00000, 0x0000000781e00000, 0x0000000781e00000|100%|HS|  |TAMS 0x0000000781d00000, 0x0000000781d00000| Complete 
|  30|0x0000000781e00000, 0x0000000781f00000, 0x0000000781f00000|100%|HC|  |TAMS 0x0000000781e00000, 0x0000000781e00000| Complete 
|  31|0x0000000781f00000, 0x0000000782000000, 0x0000000782000000|100%|HS|  |TAMS 0x0000000781f00000, 0x0000000781f00000| Complete 
|  32|0x0000000782000000, 0x0000000782100000, 0x0000000782100000|100%|HC|  |TAMS 0x0000000782000000, 0x0000000782000000| Complete 
|  33|0x0000000782100000, 0x0000000782200000, 0x0000000782200000|100%|HS|  |TAMS 0x0000000782100000, 0x0000000782100000| Complete 
|  34|0x0000000782200000, 0x0000000782200000, 0x0000000782300000|  0%| F|  |TAMS 0x0000000782200000, 0x0000000782200000| Untracked 
|  35|0x0000000782300000, 0x0000000782300000, 0x0000000782400000|  0%| F|  |TAMS 0x0000000782300000, 0x0000000782300000| Untracked 
|  36|0x0000000782400000, 0x0000000782400000, 0x0000000782500000|  0%| F|  |TAMS 0x0000000782400000, 0x0000000782400000| Untracked 
|  37|0x0000000782500000, 0x0000000782500000, 0x0000000782600000|  0%| F|  |TAMS 0x0000000782500000, 0x0000000782500000| Untracked 
|  38|0x0000000782600000, 0x0000000782600000, 0x0000000782700000|  0%| F|  |TAMS 0x0000000782600000, 0x0000000782600000| Untracked 
|  39|0x0000000782700000, 0x0000000782700000, 0x0000000782800000|  0%| F|  |TAMS 0x0000000782700000, 0x0000000782700000| Untracked 
|  40|0x0000000782800000, 0x0000000782800000, 0x0000000782900000|  0%| F|  |TAMS 0x0000000782800000, 0x0000000782800000| Untracked 
|  41|0x0000000782900000, 0x0000000782900000, 0x0000000782a00000|  0%| F|  |TAMS 0x0000000782900000, 0x0000000782900000| Untracked 
|  42|0x0000000782a00000, 0x0000000782a00000, 0x0000000782b00000|  0%| F|  |TAMS 0x0000000782a00000, 0x0000000782a00000| Untracked 
|  43|0x0000000782b00000, 0x0000000782b00000, 0x0000000782c00000|  0%| F|  |TAMS 0x0000000782b00000, 0x0000000782b00000| Untracked 
|  44|0x0000000782c00000, 0x0000000782c00000, 0x0000000782d00000|  0%| F|  |TAMS 0x0000000782c00000, 0x0000000782c00000| Untracked 
|  45|0x0000000782d00000, 0x0000000782d00000, 0x0000000782e00000|  0%| F|  |TAMS 0x0000000782d00000, 0x0000000782d00000| Untracked 
|  46|0x0000000782e00000, 0x0000000782e00000, 0x0000000782f00000|  0%| F|  |TAMS 0x0000000782e00000, 0x0000000782e00000| Untracked 
|  47|0x0000000782f00000, 0x0000000782f00000, 0x0000000783000000|  0%| F|  |TAMS 0x0000000782f00000, 0x0000000782f00000| Untracked 
|  48|0x0000000783000000, 0x0000000783000000, 0x0000000783100000|  0%| F|  |TAMS 0x0000000783000000, 0x0000000783000000| Untracked 
|  49|0x0000000783100000, 0x0000000783100000, 0x0000000783200000|  0%| F|  |TAMS 0x0000000783100000, 0x0000000783100000| Untracked 
|  50|0x0000000783200000, 0x0000000783200000, 0x0000000783300000|  0%| F|  |TAMS 0x0000000783200000, 0x0000000783200000| Untracked 
|  51|0x0000000783300000, 0x0000000783300000, 0x0000000783400000|  0%| F|  |TAMS 0x0000000783300000, 0x0000000783300000| Untracked 
|  52|0x0000000783400000, 0x0000000783400000, 0x0000000783500000|  0%| F|  |TAMS 0x0000000783400000, 0x0000000783400000| Untracked 
|  53|0x0000000783500000, 0x0000000783500000, 0x0000000783600000|  0%| F|  |TAMS 0x0000000783500000, 0x0000000783500000| Untracked 
|  54|0x0000000783600000, 0x0000000783600000, 0x0000000783700000|  0%| F|  |TAMS 0x0000000783600000, 0x0000000783600000| Untracked 
|  55|0x0000000783700000, 0x0000000783700000, 0x0000000783800000|  0%| F|  |TAMS 0x0000000783700000, 0x0000000783700000| Untracked 
|  56|0x0000000783800000, 0x0000000783800000, 0x0000000783900000|  0%| F|  |TAMS 0x0000000783800000, 0x0000000783800000| Untracked 
|  57|0x0000000783900000, 0x0000000783900000, 0x0000000783a00000|  0%| F|  |TAMS 0x0000000783900000, 0x0000000783900000| Untracked 
|  58|0x0000000783a00000, 0x0000000783a00000, 0x0000000783b00000|  0%| F|  |TAMS 0x0000000783a00000, 0x0000000783a00000| Untracked 
|  59|0x0000000783b00000, 0x0000000783b00000, 0x0000000783c00000|  0%| F|  |TAMS 0x0000000783b00000, 0x0000000783b00000| Untracked 
|  60|0x0000000783c00000, 0x0000000783c00000, 0x0000000783d00000|  0%| F|  |TAMS 0x0000000783c00000, 0x0000000783c00000| Untracked 
|  61|0x0000000783d00000, 0x0000000783d00000, 0x0000000783e00000|  0%| F|  |TAMS 0x0000000783d00000, 0x0000000783d00000| Untracked 
|  62|0x0000000783e00000, 0x0000000783e00000, 0x0000000783f00000|  0%| F|  |TAMS 0x0000000783e00000, 0x0000000783e00000| Untracked 
|  63|0x0000000783f00000, 0x0000000783f00000, 0x0000000784000000|  0%| F|  |TAMS 0x0000000783f00000, 0x0000000783f00000| Untracked 
|  64|0x0000000784000000, 0x0000000784000000, 0x0000000784100000|  0%| F|  |TAMS 0x0000000784000000, 0x0000000784000000| Untracked 
|  65|0x0000000784100000, 0x0000000784100000, 0x0000000784200000|  0%| F|  |TAMS 0x0000000784100000, 0x0000000784100000| Untracked 
|  66|0x0000000784200000, 0x0000000784200000, 0x0000000784300000|  0%| F|  |TAMS 0x0000000784200000, 0x0000000784200000| Untracked 
|  67|0x0000000784300000, 0x0000000784300000, 0x0000000784400000|  0%| F|  |TAMS 0x0000000784300000, 0x0000000784300000| Untracked 
|  68|0x0000000784400000, 0x0000000784400000, 0x0000000784500000|  0%| F|  |TAMS 0x0000000784400000, 0x0000000784400000| Untracked 
|  69|0x0000000784500000, 0x0000000784500000, 0x0000000784600000|  0%| F|  |TAMS 0x0000000784500000, 0x0000000784500000| Untracked 
|  70|0x0000000784600000, 0x0000000784600000, 0x0000000784700000|  0%| F|  |TAMS 0x0000000784600000, 0x0000000784600000| Untracked 
|  71|0x0000000784700000, 0x000000078474c970, 0x0000000784800000| 29%| S|CS|TAMS 0x0000000784700000, 0x0000000784700000| Complete 
|  72|0x0000000784800000, 0x0000000784800000, 0x0000000784900000|  0%| F|  |TAMS 0x0000000784800000, 0x0000000784800000| Untracked 
|  73|0x0000000784900000, 0x0000000784900000, 0x0000000784a00000|  0%| F|  |TAMS 0x0000000784900000, 0x0000000784900000| Untracked 
|  74|0x0000000784a00000, 0x0000000784a00000, 0x0000000784b00000|  0%| F|  |TAMS 0x0000000784a00000, 0x0000000784a00000| Untracked 
|  75|0x0000000784b00000, 0x0000000784b00000, 0x0000000784c00000|  0%| F|  |TAMS 0x0000000784b00000, 0x0000000784b00000| Untracked 
|  76|0x0000000784c00000, 0x0000000784c00000, 0x0000000784d00000|  0%| F|  |TAMS 0x0000000784c00000, 0x0000000784c00000| Untracked 
|  77|0x0000000784d00000, 0x0000000784d00000, 0x0000000784e00000|  0%| F|  |TAMS 0x0000000784d00000, 0x0000000784d00000| Untracked 
|  78|0x0000000784e00000, 0x0000000784e00000, 0x0000000784f00000|  0%| F|  |TAMS 0x0000000784e00000, 0x0000000784e00000| Untracked 
|  79|0x0000000784f00000, 0x0000000784f00000, 0x0000000785000000|  0%| F|  |TAMS 0x0000000784f00000, 0x0000000784f00000| Untracked 
|  80|0x0000000785000000, 0x0000000785000000, 0x0000000785100000|  0%| F|  |TAMS 0x0000000785000000, 0x0000000785000000| Untracked 
|  81|0x0000000785100000, 0x0000000785100000, 0x0000000785200000|  0%| F|  |TAMS 0x0000000785100000, 0x0000000785100000| Untracked 
|  82|0x0000000785200000, 0x0000000785200000, 0x0000000785300000|  0%| F|  |TAMS 0x0000000785200000, 0x0000000785200000| Untracked 
|  83|0x0000000785300000, 0x0000000785300000, 0x0000000785400000|  0%| F|  |TAMS 0x0000000785300000, 0x0000000785300000| Untracked 
|  84|0x0000000785400000, 0x0000000785400000, 0x0000000785500000|  0%| F|  |TAMS 0x0000000785400000, 0x0000000785400000| Untracked 
|  85|0x0000000785500000, 0x0000000785500000, 0x0000000785600000|  0%| F|  |TAMS 0x0000000785500000, 0x0000000785500000| Untracked 
|  86|0x0000000785600000, 0x0000000785600000, 0x0000000785700000|  0%| F|  |TAMS 0x0000000785600000, 0x0000000785600000| Untracked 
|  87|0x0000000785700000, 0x0000000785700000, 0x0000000785800000|  0%| F|  |TAMS 0x0000000785700000, 0x0000000785700000| Untracked 
|  88|0x0000000785800000, 0x0000000785800000, 0x0000000785900000|  0%| F|  |TAMS 0x0000000785800000, 0x0000000785800000| Untracked 
|  89|0x0000000785900000, 0x0000000785900000, 0x0000000785a00000|  0%| F|  |TAMS 0x0000000785900000, 0x0000000785900000| Untracked 
|  90|0x0000000785a00000, 0x0000000785a00000, 0x0000000785b00000|  0%| F|  |TAMS 0x0000000785a00000, 0x0000000785a00000| Untracked 
|  91|0x0000000785b00000, 0x0000000785b00000, 0x0000000785c00000|  0%| F|  |TAMS 0x0000000785b00000, 0x0000000785b00000| Untracked 
|  92|0x0000000785c00000, 0x0000000785c00000, 0x0000000785d00000|  0%| F|  |TAMS 0x0000000785c00000, 0x0000000785c00000| Untracked 
|  93|0x0000000785d00000, 0x0000000785d00000, 0x0000000785e00000|  0%| F|  |TAMS 0x0000000785d00000, 0x0000000785d00000| Untracked 
|  94|0x0000000785e00000, 0x0000000785e00000, 0x0000000785f00000|  0%| F|  |TAMS 0x0000000785e00000, 0x0000000785e00000| Untracked 
|  95|0x0000000785f00000, 0x0000000785f00000, 0x0000000786000000|  0%| F|  |TAMS 0x0000000785f00000, 0x0000000785f00000| Untracked 
|  96|0x0000000786000000, 0x0000000786000000, 0x0000000786100000|  0%| F|  |TAMS 0x0000000786000000, 0x0000000786000000| Untracked 
|  97|0x0000000786100000, 0x0000000786100000, 0x0000000786200000|  0%| F|  |TAMS 0x0000000786100000, 0x0000000786100000| Untracked 
|  98|0x0000000786200000, 0x0000000786200000, 0x0000000786300000|  0%| F|  |TAMS 0x0000000786200000, 0x0000000786200000| Untracked 
|  99|0x0000000786300000, 0x0000000786300000, 0x0000000786400000|  0%| F|  |TAMS 0x0000000786300000, 0x0000000786300000| Untracked 
| 100|0x0000000786400000, 0x0000000786400000, 0x0000000786500000|  0%| F|  |TAMS 0x0000000786400000, 0x0000000786400000| Untracked 
| 101|0x0000000786500000, 0x0000000786500000, 0x0000000786600000|  0%| F|  |TAMS 0x0000000786500000, 0x0000000786500000| Untracked 
| 102|0x0000000786600000, 0x0000000786600000, 0x0000000786700000|  0%| F|  |TAMS 0x0000000786600000, 0x0000000786600000| Untracked 
| 103|0x0000000786700000, 0x0000000786700000, 0x0000000786800000|  0%| F|  |TAMS 0x0000000786700000, 0x0000000786700000| Untracked 
| 104|0x0000000786800000, 0x0000000786800000, 0x0000000786900000|  0%| F|  |TAMS 0x0000000786800000, 0x0000000786800000| Untracked 
| 105|0x0000000786900000, 0x0000000786900000, 0x0000000786a00000|  0%| F|  |TAMS 0x0000000786900000, 0x0000000786900000| Untracked 
| 106|0x0000000786a00000, 0x0000000786a00000, 0x0000000786b00000|  0%| F|  |TAMS 0x0000000786a00000, 0x0000000786a00000| Untracked 
| 107|0x0000000786b00000, 0x0000000786b00000, 0x0000000786c00000|  0%| F|  |TAMS 0x0000000786b00000, 0x0000000786b00000| Untracked 
| 108|0x0000000786c00000, 0x0000000786c00000, 0x0000000786d00000|  0%| F|  |TAMS 0x0000000786c00000, 0x0000000786c00000| Untracked 
| 109|0x0000000786d00000, 0x0000000786d00000, 0x0000000786e00000|  0%| F|  |TAMS 0x0000000786d00000, 0x0000000786d00000| Untracked 
| 110|0x0000000786e00000, 0x0000000786e00000, 0x0000000786f00000|  0%| F|  |TAMS 0x0000000786e00000, 0x0000000786e00000| Untracked 
| 111|0x0000000786f00000, 0x0000000786f00000, 0x0000000787000000|  0%| F|  |TAMS 0x0000000786f00000, 0x0000000786f00000| Untracked 
| 112|0x0000000787000000, 0x0000000787000000, 0x0000000787100000|  0%| F|  |TAMS 0x0000000787000000, 0x0000000787000000| Untracked 
| 113|0x0000000787100000, 0x0000000787100000, 0x0000000787200000|  0%| F|  |TAMS 0x0000000787100000, 0x0000000787100000| Untracked 
| 114|0x0000000787200000, 0x0000000787200000, 0x0000000787300000|  0%| F|  |TAMS 0x0000000787200000, 0x0000000787200000| Untracked 
| 115|0x0000000787300000, 0x0000000787300000, 0x0000000787400000|  0%| F|  |TAMS 0x0000000787300000, 0x0000000787300000| Untracked 
| 116|0x0000000787400000, 0x0000000787400000, 0x0000000787500000|  0%| F|  |TAMS 0x0000000787400000, 0x0000000787400000| Untracked 
| 117|0x0000000787500000, 0x0000000787500000, 0x0000000787600000|  0%| F|  |TAMS 0x0000000787500000, 0x0000000787500000| Untracked 
| 118|0x0000000787600000, 0x0000000787600000, 0x0000000787700000|  0%| F|  |TAMS 0x0000000787600000, 0x0000000787600000| Untracked 
| 119|0x0000000787700000, 0x0000000787700000, 0x0000000787800000|  0%| F|  |TAMS 0x0000000787700000, 0x0000000787700000| Untracked 
| 120|0x0000000787800000, 0x0000000787800000, 0x0000000787900000|  0%| F|  |TAMS 0x0000000787800000, 0x0000000787800000| Untracked 
| 121|0x0000000787900000, 0x0000000787900000, 0x0000000787a00000|  0%| F|  |TAMS 0x0000000787900000, 0x0000000787900000| Untracked 
| 122|0x0000000787a00000, 0x0000000787a00000, 0x0000000787b00000|  0%| F|  |TAMS 0x0000000787a00000, 0x0000000787a00000| Untracked 
| 123|0x0000000787b00000, 0x0000000787c00000, 0x0000000787c00000|100%| E|  |TAMS 0x0000000787b00000, 0x0000000787b00000| Complete 
| 124|0x0000000787c00000, 0x0000000787d00000, 0x0000000787d00000|100%| E|CS|TAMS 0x0000000787c00000, 0x0000000787c00000| Complete 
| 125|0x0000000787d00000, 0x0000000787e00000, 0x0000000787e00000|100%| E|CS|TAMS 0x0000000787d00000, 0x0000000787d00000| Complete 
| 126|0x0000000787e00000, 0x0000000787f00000, 0x0000000787f00000|100%| E|CS|TAMS 0x0000000787e00000, 0x0000000787e00000| Complete 
| 127|0x0000000787f00000, 0x0000000788000000, 0x0000000788000000|100%| E|CS|TAMS 0x0000000787f00000, 0x0000000787f00000| Complete 
| 128|0x0000000788000000, 0x0000000788100000, 0x0000000788100000|100%| E|CS|TAMS 0x0000000788000000, 0x0000000788000000| Complete 
| 129|0x0000000788100000, 0x0000000788200000, 0x0000000788200000|100%| E|CS|TAMS 0x0000000788100000, 0x0000000788100000| Complete 
| 130|0x0000000788200000, 0x0000000788300000, 0x0000000788300000|100%| E|CS|TAMS 0x0000000788200000, 0x0000000788200000| Complete 
| 131|0x0000000788300000, 0x0000000788400000, 0x0000000788400000|100%| E|CS|TAMS 0x0000000788300000, 0x0000000788300000| Complete 
| 132|0x0000000788400000, 0x0000000788500000, 0x0000000788500000|100%| E|CS|TAMS 0x0000000788400000, 0x0000000788400000| Complete 
| 133|0x0000000788500000, 0x0000000788600000, 0x0000000788600000|100%| E|CS|TAMS 0x0000000788500000, 0x0000000788500000| Complete 
| 134|0x0000000788600000, 0x0000000788700000, 0x0000000788700000|100%| E|CS|TAMS 0x0000000788600000, 0x0000000788600000| Complete 
| 135|0x0000000788700000, 0x0000000788800000, 0x0000000788800000|100%| E|CS|TAMS 0x0000000788700000, 0x0000000788700000| Complete 
| 136|0x0000000788800000, 0x0000000788900000, 0x0000000788900000|100%| E|CS|TAMS 0x0000000788800000, 0x0000000788800000| Complete 
| 137|0x0000000788900000, 0x0000000788a00000, 0x0000000788a00000|100%| E|CS|TAMS 0x0000000788900000, 0x0000000788900000| Complete 
| 138|0x0000000788a00000, 0x0000000788b00000, 0x0000000788b00000|100%| E|CS|TAMS 0x0000000788a00000, 0x0000000788a00000| Complete 
| 139|0x0000000788b00000, 0x0000000788c00000, 0x0000000788c00000|100%| E|CS|TAMS 0x0000000788b00000, 0x0000000788b00000| Complete 
| 140|0x0000000788c00000, 0x0000000788d00000, 0x0000000788d00000|100%| E|CS|TAMS 0x0000000788c00000, 0x0000000788c00000| Complete 
| 141|0x0000000788d00000, 0x0000000788e00000, 0x0000000788e00000|100%| E|CS|TAMS 0x0000000788d00000, 0x0000000788d00000| Complete 
| 142|0x0000000788e00000, 0x0000000788f00000, 0x0000000788f00000|100%| E|CS|TAMS 0x0000000788e00000, 0x0000000788e00000| Complete 
| 143|0x0000000788f00000, 0x0000000789000000, 0x0000000789000000|100%| E|CS|TAMS 0x0000000788f00000, 0x0000000788f00000| Complete 
| 144|0x0000000789000000, 0x0000000789100000, 0x0000000789100000|100%| E|CS|TAMS 0x0000000789000000, 0x0000000789000000| Complete 
| 145|0x0000000789100000, 0x0000000789200000, 0x0000000789200000|100%| E|CS|TAMS 0x0000000789100000, 0x0000000789100000| Complete 
| 146|0x0000000789200000, 0x0000000789300000, 0x0000000789300000|100%| E|CS|TAMS 0x0000000789200000, 0x0000000789200000| Complete 
| 147|0x0000000789300000, 0x0000000789400000, 0x0000000789400000|100%| E|CS|TAMS 0x0000000789300000, 0x0000000789300000| Complete 
| 148|0x0000000789400000, 0x0000000789500000, 0x0000000789500000|100%| E|CS|TAMS 0x0000000789400000, 0x0000000789400000| Complete 
| 149|0x0000000789500000, 0x0000000789600000, 0x0000000789600000|100%| E|CS|TAMS 0x0000000789500000, 0x0000000789500000| Complete 
| 150|0x0000000789600000, 0x0000000789700000, 0x0000000789700000|100%| E|CS|TAMS 0x0000000789600000, 0x0000000789600000| Complete 
| 151|0x0000000789700000, 0x0000000789800000, 0x0000000789800000|100%| E|CS|TAMS 0x0000000789700000, 0x0000000789700000| Complete 
| 152|0x0000000789800000, 0x0000000789900000, 0x0000000789900000|100%| E|CS|TAMS 0x0000000789800000, 0x0000000789800000| Complete 
| 153|0x0000000789900000, 0x0000000789a00000, 0x0000000789a00000|100%| E|CS|TAMS 0x0000000789900000, 0x0000000789900000| Complete 
| 154|0x0000000789a00000, 0x0000000789b00000, 0x0000000789b00000|100%| E|CS|TAMS 0x0000000789a00000, 0x0000000789a00000| Complete 
| 155|0x0000000789b00000, 0x0000000789c00000, 0x0000000789c00000|100%| E|CS|TAMS 0x0000000789b00000, 0x0000000789b00000| Complete 
| 156|0x0000000789c00000, 0x0000000789d00000, 0x0000000789d00000|100%| E|CS|TAMS 0x0000000789c00000, 0x0000000789c00000| Complete 
| 157|0x0000000789d00000, 0x0000000789e00000, 0x0000000789e00000|100%| E|CS|TAMS 0x0000000789d00000, 0x0000000789d00000| Complete 
| 158|0x0000000789e00000, 0x0000000789f00000, 0x0000000789f00000|100%| E|CS|TAMS 0x0000000789e00000, 0x0000000789e00000| Complete 
| 159|0x0000000789f00000, 0x000000078a000000, 0x000000078a000000|100%| E|CS|TAMS 0x0000000789f00000, 0x0000000789f00000| Complete 
| 160|0x000000078a000000, 0x000000078a100000, 0x000000078a100000|100%| E|CS|TAMS 0x000000078a000000, 0x000000078a000000| Complete 
| 161|0x000000078a100000, 0x000000078a200000, 0x000000078a200000|100%| E|CS|TAMS 0x000000078a100000, 0x000000078a100000| Complete 
| 162|0x000000078a200000, 0x000000078a300000, 0x000000078a300000|100%| E|CS|TAMS 0x000000078a200000, 0x000000078a200000| Complete 
| 163|0x000000078a300000, 0x000000078a400000, 0x000000078a400000|100%| E|CS|TAMS 0x000000078a300000, 0x000000078a300000| Complete 
| 164|0x000000078a400000, 0x000000078a500000, 0x000000078a500000|100%| E|CS|TAMS 0x000000078a400000, 0x000000078a400000| Complete 
| 165|0x000000078a500000, 0x000000078a600000, 0x000000078a600000|100%| E|CS|TAMS 0x000000078a500000, 0x000000078a500000| Complete 
| 166|0x000000078a600000, 0x000000078a700000, 0x000000078a700000|100%| E|CS|TAMS 0x000000078a600000, 0x000000078a600000| Complete 
| 167|0x000000078a700000, 0x000000078a800000, 0x000000078a800000|100%| E|CS|TAMS 0x000000078a700000, 0x000000078a700000| Complete 
| 168|0x000000078a800000, 0x000000078a900000, 0x000000078a900000|100%| E|CS|TAMS 0x000000078a800000, 0x000000078a800000| Complete 
| 169|0x000000078a900000, 0x000000078aa00000, 0x000000078aa00000|100%| E|CS|TAMS 0x000000078a900000, 0x000000078a900000| Complete 
| 170|0x000000078aa00000, 0x000000078ab00000, 0x000000078ab00000|100%| E|CS|TAMS 0x000000078aa00000, 0x000000078aa00000| Complete 
| 171|0x000000078ab00000, 0x000000078ac00000, 0x000000078ac00000|100%| E|CS|TAMS 0x000000078ab00000, 0x000000078ab00000| Complete 
| 172|0x000000078ac00000, 0x000000078ad00000, 0x000000078ad00000|100%| E|CS|TAMS 0x000000078ac00000, 0x000000078ac00000| Complete 
| 173|0x000000078ad00000, 0x000000078ae00000, 0x000000078ae00000|100%| E|CS|TAMS 0x000000078ad00000, 0x000000078ad00000| Complete 
| 174|0x000000078ae00000, 0x000000078af00000, 0x000000078af00000|100%| E|CS|TAMS 0x000000078ae00000, 0x000000078ae00000| Complete 
| 175|0x000000078af00000, 0x000000078b000000, 0x000000078b000000|100%| E|CS|TAMS 0x000000078af00000, 0x000000078af00000| Complete 
| 176|0x000000078b000000, 0x000000078b100000, 0x000000078b100000|100%| E|CS|TAMS 0x000000078b000000, 0x000000078b000000| Complete 
| 177|0x000000078b100000, 0x000000078b200000, 0x000000078b200000|100%| E|CS|TAMS 0x000000078b100000, 0x000000078b100000| Complete 
| 178|0x000000078b200000, 0x000000078b300000, 0x000000078b300000|100%| E|CS|TAMS 0x000000078b200000, 0x000000078b200000| Complete 
|1022|0x00000007bfe00000, 0x00000007bfe47000, 0x00000007bff00000| 27%|OA|  |TAMS 0x00000007bfe00000, 0x00000007bfe00000| Untracked 
|1023|0x00000007bff00000, 0x00000007bff77000, 0x00000007c0000000| 46%|CA|  |TAMS 0x00000007bff00000, 0x00000007bff00000| Untracked 

Card table byte_map: [0x0000000102c63000,0x0000000103063000] _byte_map_base: 0x00000000ff063000

Marking Bits (Prev, Next): (CMBitMap*) 0x00007fe1df833a18, (CMBitMap*) 0x00007fe1df833a58
 Prev Bits: [0x0000000103463000, 0x0000000105463000)
 Next Bits: [0x000000011cd17000, 0x000000011ed17000)

Polling page: 0x0000000100bfc000

Metaspace:

Usage:
  Non-class:     11.42 MB capacity,    11.15 MB ( 98%) used,   231.22 KB (  2%) free+waste,    43.88 KB ( <1%) overhead. 
      Class:      1.84 MB capacity,     1.66 MB ( 90%) used,   159.77 KB (  8%) free+waste,    23.38 KB (  1%) overhead. 
       Both:     13.25 MB capacity,    12.81 MB ( 97%) used,   390.98 KB (  3%) free+waste,    67.25 KB ( <1%) overhead. 

Virtual space:
  Non-class space:       12.00 MB reserved,      11.50 MB ( 96%) committed 
      Class space:        1.00 GB reserved,       1.88 MB ( <1%) committed 
             Both:        1.01 GB reserved,      13.38 MB (  1%) committed 

Chunk freelists:
   Non-Class:  37.00 KB
       Class:  7.00 KB
        Both:  44.00 KB

MaxMetaspaceSize: unlimited
CompressedClassSpaceSize: 1.00 GB

CodeHeap 'non-profiled nmethods': size=120032Kb used=708Kb max_used=708Kb free=119323Kb
 bounds [0x00000001157df000, 0x0000000115a4f000, 0x000000011cd17000]
CodeHeap 'profiled nmethods': size=120028Kb used=2873Kb max_used=2873Kb free=117154Kb
 bounds [0x000000010e2a8000, 0x000000010e578000, 0x00000001157df000]
CodeHeap 'non-nmethods': size=5700Kb used=1421Kb max_used=1439Kb free=4278Kb
 bounds [0x000000010dd17000, 0x000000010df87000, 0x000000010e2a8000]
 total_blobs=2814 nmethods=1582 adapters=654
 compilation: enabled
              stopped_count=0, restarted_count=0
 full_count=0

Compilation events (20 events):
Event: 97.290 Thread 0x00007fe1df89c800 1636 %     4       Launcher::ecritHisto @ 23 (55 bytes)
Event: 97.292 Thread 0x00007fe1df8a1800 1637       3       java.lang.ref.Reference::<init> (7 bytes)
Event: 97.293 Thread 0x00007fe1df8a1800 nmethod 1637 0x000000010e574e10 code [0x000000010e574fc0, 0x000000010e5752f0]
Event: 97.293 Thread 0x00007fe1df8a1800 1639       3       java.lang.invoke.DirectMethodHandle$Holder::invokeStatic (15 bytes)
Event: 97.293 Thread 0x00007fe1df8a1800 nmethod 1639 0x000000010e575410 code [0x000000010e5755e0, 0x000000010e575c18]
Event: 97.293 Thread 0x00007fe1df8a1800 1638       1       java.util.logging.LogManager$LoggerContext::getOwner (5 bytes)
Event: 97.293 Thread 0x00007fe1df8a1800 nmethod 1638 0x000000011588e410 code [0x000000011588e5a0, 0x000000011588e6d0]
Event: 97.294 Thread 0x00007fe1df8a1800 1641       1       java.util.logging.Logger::getName (5 bytes)
Event: 97.295 Thread 0x00007fe1df8a1800 nmethod 1641 0x000000011588e710 code [0x000000011588e8a0, 0x000000011588e9d0]
Event: 97.300 Thread 0x00007fe1df8a1800 1642       3       java.security.AccessController::doPrivileged (9 bytes)
Event: 97.300 Thread 0x00007fe1df8a1800 nmethod 1642 0x000000010e575d10 code [0x000000010e575ee0, 0x000000010e576278]
Event: 97.303 Thread 0x00007fe1df8a1800 1643       3       java.lang.String::<init> (10 bytes)
Event: 97.303 Thread 0x00007fe1df8a1800 nmethod 1643 0x000000010e576410 code [0x000000010e5765c0, 0x000000010e576788]
Event: 97.308 Thread 0x00007fe1df89c800 nmethod 1636% 0x000000011588ea10 code [0x000000011588ec00, 0x000000011588f508]
Event: 97.308 Thread 0x00007fe1df89c800 1640       4       java.util.concurrent.ConcurrentHashMap::setTabAt (20 bytes)
Event: 97.309 Thread 0x00007fe1df89c800 nmethod 1640 0x000000011588fc10 code [0x000000011588fd80, 0x000000011588fe98]
Event: 97.310 Thread 0x00007fe1df8a1800 1644       1       java.lang.invoke.MethodHandleImpl$IntrinsicMethodHandle::getTarget (5 bytes)
Event: 97.311 Thread 0x00007fe1df8a1800 nmethod 1644 0x000000011588ff10 code [0x00000001158900a0, 0x00000001158901d0]
Event: 97.311 Thread 0x00007fe1df8a1800 1645       3       java.lang.invoke.Invokers::maybeCustomize (28 bytes)
Event: 97.311 Thread 0x00007fe1df8a1800 nmethod 1645 0x000000010e576890 code [0x000000010e576a40, 0x000000010e576ca8]

GC Heap History (20 events):
Event: 94.910 GC heap before
{Heap before GC invocations=13 (full 0):
 garbage-first heap   total 133120K, used 85768K [0x0000000780000000, 0x0000000800000000)
  region size 1024K, 76 young (77824K), 4 survivors (4096K)
 Metaspace       used 12673K, capacity 13385K, committed 13696K, reserved 1060864K
  class space    used 1646K, capacity 1840K, committed 1920K, reserved 1048576K
}
Event: 94.915 GC heap after
{Heap after GC invocations=14 (full 0):
 garbage-first heap   total 133120K, used 12040K [0x0000000780000000, 0x0000000800000000)
  region size 1024K, 4 young (4096K), 4 survivors (4096K)
 Metaspace       used 12673K, capacity 13385K, committed 13696K, reserved 1060864K
  class space    used 1646K, capacity 1840K, committed 1920K, reserved 1048576K
}
Event: 95.068 GC heap before
{Heap before GC invocations=14 (full 0):
 garbage-first heap   total 133120K, used 85768K [0x0000000780000000, 0x0000000800000000)
  region size 1024K, 76 young (77824K), 4 survivors (4096K)
 Metaspace       used 12675K, capacity 13385K, committed 13696K, reserved 1060864K
  class space    used 1646K, capacity 1840K, committed 1920K, reserved 1048576K
}
Event: 95.074 GC heap after
{Heap after GC invocations=15 (full 0):
 garbage-first heap   total 133120K, used 12530K [0x0000000780000000, 0x0000000800000000)
  region size 1024K, 5 young (5120K), 5 survivors (5120K)
 Metaspace       used 12675K, capacity 13385K, committed 13696K, reserved 1060864K
  class space    used 1646K, capacity 1840K, committed 1920K, reserved 1048576K
}
Event: 95.196 GC heap before
{Heap before GC invocations=15 (full 0):
 garbage-first heap   total 133120K, used 85234K [0x0000000780000000, 0x0000000800000000)
  region size 1024K, 76 young (77824K), 5 survivors (5120K)
 Metaspace       used 12675K, capacity 13385K, committed 13696K, reserved 1060864K
  class space    used 1646K, capacity 1840K, committed 1920K, reserved 1048576K
}
Event: 95.202 GC heap after
{Heap after GC invocations=16 (full 0):
 garbage-first heap   total 185344K, used 12356K [0x0000000780000000, 0x0000000800000000)
  region size 1024K, 5 young (5120K), 5 survivors (5120K)
 Metaspace       used 12675K, capacity 13385K, committed 13696K, reserved 1060864K
  class space    used 1646K, capacity 1840K, committed 1920K, reserved 1048576K
}
Event: 95.431 GC heap before
{Heap before GC invocations=16 (full 0):
 garbage-first heap   total 185344K, used 117828K [0x0000000780000000, 0x0000000800000000)
  region size 1024K, 108 young (110592K), 5 survivors (5120K)
 Metaspace       used 12676K, capacity 13385K, committed 13696K, reserved 1060864K
  class space    used 1646K, capacity 1840K, committed 1920K, reserved 1048576K
}
Event: 95.438 GC heap after
{Heap after GC invocations=17 (full 0):
 garbage-first heap   total 185344K, used 12417K [0x0000000780000000, 0x0000000800000000)
  region size 1024K, 2 young (2048K), 2 survivors (2048K)
 Metaspace       used 12676K, capacity 13385K, committed 13696K, reserved 1060864K
  class space    used 1646K, capacity 1840K, committed 1920K, reserved 1048576K
}
Event: 95.606 GC heap before
{Heap before GC invocations=17 (full 0):
 garbage-first heap   total 185344K, used 120961K [0x0000000780000000, 0x0000000800000000)
  region size 1024K, 108 young (110592K), 2 survivors (2048K)
 Metaspace       used 12676K, capacity 13385K, committed 13696K, reserved 1060864K
  class space    used 1646K, capacity 1840K, committed 1920K, reserved 1048576K
}
Event: 95.607 GC heap after
{Heap after GC invocations=18 (full 0):
 garbage-first heap   total 185344K, used 12148K [0x0000000780000000, 0x0000000800000000)
  region size 1024K, 1 young (1024K), 1 survivors (1024K)
 Metaspace       used 12676K, capacity 13385K, committed 13696K, reserved 1060864K
  class space    used 1646K, capacity 1840K, committed 1920K, reserved 1048576K
}
Event: 95.855 GC heap before
{Heap before GC invocations=18 (full 0):
 garbage-first heap   total 185344K, used 121716K [0x0000000780000000, 0x0000000800000000)
  region size 1024K, 108 young (110592K), 1 survivors (1024K)
 Metaspace       used 12676K, capacity 13385K, committed 13696K, reserved 1060864K
  class space    used 1646K, capacity 1840K, committed 1920K, reserved 1048576K
}
Event: 95.856 GC heap after
{Heap after GC invocations=19 (full 0):
 garbage-first heap   total 185344K, used 12119K [0x0000000780000000, 0x0000000800000000)
  region size 1024K, 1 young (1024K), 1 survivors (1024K)
 Metaspace       used 12676K, capacity 13385K, committed 13696K, reserved 1060864K
  class space    used 1646K, capacity 1840K, committed 1920K, reserved 1048576K
}
Event: 96.087 GC heap before
{Heap before GC invocations=19 (full 0):
 garbage-first heap   total 185344K, used 121687K [0x0000000780000000, 0x0000000800000000)
  region size 1024K, 108 young (110592K), 1 survivors (1024K)
 Metaspace       used 12676K, capacity 13385K, committed 13696K, reserved 1060864K
  class space    used 1646K, capacity 1840K, committed 1920K, reserved 1048576K
}
Event: 96.087 GC heap after
{Heap after GC invocations=20 (full 0):
 garbage-first heap   total 185344K, used 12095K [0x0000000780000000, 0x0000000800000000)
  region size 1024K, 1 young (1024K), 1 survivors (1024K)
 Metaspace       used 12676K, capacity 13385K, committed 13696K, reserved 1060864K
  class space    used 1646K, capacity 1840K, committed 1920K, reserved 1048576K
}
Event: 96.344 GC heap before
{Heap before GC invocations=20 (full 0):
 garbage-first heap   total 185344K, used 121663K [0x0000000780000000, 0x0000000800000000)
  region size 1024K, 108 young (110592K), 1 survivors (1024K)
 Metaspace       used 12676K, capacity 13385K, committed 13696K, reserved 1060864K
  class space    used 1646K, capacity 1840K, committed 1920K, reserved 1048576K
}
Event: 96.345 GC heap after
{Heap after GC invocations=21 (full 0):
 garbage-first heap   total 185344K, used 12093K [0x0000000780000000, 0x0000000800000000)
  region size 1024K, 1 young (1024K), 1 survivors (1024K)
 Metaspace       used 12676K, capacity 13385K, committed 13696K, reserved 1060864K
  class space    used 1646K, capacity 1840K, committed 1920K, reserved 1048576K
}
Event: 96.564 GC heap before
{Heap before GC invocations=21 (full 0):
 garbage-first heap   total 185344K, used 121661K [0x0000000780000000, 0x0000000800000000)
  region size 1024K, 108 young (110592K), 1 survivors (1024K)
 Metaspace       used 12676K, capacity 13385K, committed 13696K, reserved 1060864K
  class space    used 1646K, capacity 1840K, committed 1920K, reserved 1048576K
}
Event: 96.565 GC heap after
{Heap after GC invocations=22 (full 0):
 garbage-first heap   total 185344K, used 12095K [0x0000000780000000, 0x0000000800000000)
  region size 1024K, 1 young (1024K), 1 survivors (1024K)
 Metaspace       used 12676K, capacity 13385K, committed 13696K, reserved 1060864K
  class space    used 1646K, capacity 1840K, committed 1920K, reserved 1048576K
}
Event: 96.746 GC heap before
{Heap before GC invocations=22 (full 0):
 garbage-first heap   total 185344K, used 121663K [0x0000000780000000, 0x0000000800000000)
  region size 1024K, 108 young (110592K), 1 survivors (1024K)
 Metaspace       used 12676K, capacity 13385K, committed 13696K, reserved 1060864K
  class space    used 1646K, capacity 1840K, committed 1920K, reserved 1048576K
}
Event: 96.746 GC heap after
{Heap after GC invocations=23 (full 0):
 garbage-first heap   total 185344K, used 12095K [0x0000000780000000, 0x0000000800000000)
  region size 1024K, 1 young (1024K), 1 survivors (1024K)
 Metaspace       used 12676K, capacity 13385K, committed 13696K, reserved 1060864K
  class space    used 1646K, capacity 1840K, committed 1920K, reserved 1048576K
}

Deoptimization events (20 events):
Event: 97.277 Thread 0x00007fe1e0812800 DEOPT PACKING pc=0x000000010e52ec20 sp=0x000070000724fa70
Event: 97.277 Thread 0x00007fe1e0812800 DEOPT UNPACKING pc=0x000000010dd6033a sp=0x000070000724ef68 mode 0
Event: 97.278 Thread 0x00007fe1e0812800 DEOPT PACKING pc=0x000000010e52e104 sp=0x000070000724fa40
Event: 97.278 Thread 0x00007fe1e0812800 DEOPT UNPACKING pc=0x000000010dd6033a sp=0x000070000724ef68 mode 0
Event: 97.278 Thread 0x00007fe1e0812800 DEOPT PACKING pc=0x000000010e52e104 sp=0x000070000724fa40
Event: 97.278 Thread 0x00007fe1e0812800 DEOPT UNPACKING pc=0x000000010dd6033a sp=0x000070000724ef68 mode 0
Event: 97.278 Thread 0x00007fe1e0812800 DEOPT PACKING pc=0x000000010e52e104 sp=0x000070000724fa40
Event: 97.278 Thread 0x00007fe1e0812800 DEOPT UNPACKING pc=0x000000010dd6033a sp=0x000070000724ef68 mode 0
Event: 97.279 Thread 0x00007fe1e0812800 DEOPT PACKING pc=0x000000010e52e104 sp=0x000070000724fa40
Event: 97.279 Thread 0x00007fe1e0812800 DEOPT UNPACKING pc=0x000000010dd6033a sp=0x000070000724ef68 mode 0
Event: 97.279 Thread 0x00007fe1e0812800 DEOPT PACKING pc=0x000000010e52e104 sp=0x000070000724fa40
Event: 97.279 Thread 0x00007fe1e0812800 DEOPT UNPACKING pc=0x000000010dd6033a sp=0x000070000724ef68 mode 0
Event: 97.279 Thread 0x00007fe1e0812800 DEOPT PACKING pc=0x000000010e52e104 sp=0x000070000724fa40
Event: 97.279 Thread 0x00007fe1e0812800 DEOPT UNPACKING pc=0x000000010dd6033a sp=0x000070000724ef68 mode 0
Event: 97.280 Thread 0x00007fe1e0812800 DEOPT PACKING pc=0x000000010e52e104 sp=0x000070000724fa40
Event: 97.280 Thread 0x00007fe1e0812800 DEOPT UNPACKING pc=0x000000010dd6033a sp=0x000070000724ef68 mode 0
Event: 97.280 Thread 0x00007fe1e0812800 DEOPT PACKING pc=0x000000010e52e104 sp=0x000070000724fa40
Event: 97.280 Thread 0x00007fe1e0812800 DEOPT UNPACKING pc=0x000000010dd6033a sp=0x000070000724ef68 mode 0
Event: 97.280 Thread 0x00007fe1e0812800 DEOPT PACKING pc=0x000000010e52e104 sp=0x000070000724fa40
Event: 97.280 Thread 0x00007fe1e0812800 DEOPT UNPACKING pc=0x000000010dd6033a sp=0x000070000724ef68 mode 0

Classes unloaded (0 events):
No events

Classes redefined (0 events):
No events

Internal exceptions (20 events):
Event: 0.429 Thread 0x00007fe1e0812800 Exception <a 'java/lang/NoSuchMethodError'{0x000000078752c908}: 'int java.lang.invoke.DirectMethodHandle$Holder.invokeStaticInit(java.lang.Object, java.lang.Object, java.lang.Object)'> (0x000000078752c908) 
thrown [/scratch/mesos/slaves/d65fa3d4-10de-46aa-a2db-52cc9981537a-S157/frameworks/1735e8a2-a1db-478c-8104-60c8b0af87dd-0196/executors/cd04c109-7866-4c89-a9cb-580d1b4b0057/runs/bdf96710-70fa-465f-a6db-19a171d6559f/workspace/open/src/hotspot/share/interpreter/linkResolver.cpp, line 767]
Event: 0.431 Thread 0x00007fe1e0812800 Exception <a 'java/lang/NoSuchMethodError'{0x0000000787537658}: 'void java.lang.invoke.DirectMethodHandle$Holder.invokeSpecial(java.lang.Object, java.lang.Object)'> (0x0000000787537658) 
thrown [/scratch/mesos/slaves/d65fa3d4-10de-46aa-a2db-52cc9981537a-S157/frameworks/1735e8a2-a1db-478c-8104-60c8b0af87dd-0196/executors/cd04c109-7866-4c89-a9cb-580d1b4b0057/runs/bdf96710-70fa-465f-a6db-19a171d6559f/workspace/open/src/hotspot/share/interpreter/linkResolver.cpp, line 767]
Event: 0.584 Thread 0x00007fe1e10f0000 Exception <a 'java/lang/NoSuchMethodError'{0x0000000787f10348}: 'void java.lang.invoke.DirectMethodHandle$Holder.invokeStaticInit(java.lang.Object)'> (0x0000000787f10348) 
thrown [/scratch/mesos/slaves/d65fa3d4-10de-46aa-a2db-52cc9981537a-S157/frameworks/1735e8a2-a1db-478c-8104-60c8b0af87dd-0196/executors/cd04c109-7866-4c89-a9cb-580d1b4b0057/runs/bdf96710-70fa-465f-a6db-19a171d6559f/workspace/open/src/hotspot/share/interpreter/linkResolver.cpp, line 767]
Event: 0.594 Thread 0x00007fe1e0812800 Exception <a 'java/lang/NoSuchMethodError'{0x0000000787f87af8}: 'java.lang.Object java.lang.invoke.Invokers$Holder.linkToTargetMethod(java.lang.Object, java.lang.Object, java.lang.Object, java.lang.Object, java.lang.Object, java.lang.Object)'> (0x0000000787f87af8) 
thrown [/scratch/mesos/slaves/d65fa3d4-10de-46aa-a2db-52cc9981537a-S157/frameworks/1735e8a2-a1db-478c-8104-60c8b0af87dd-0196/executors/cd04c109-7866-4c89-a9cb-580d1b4b0057/runs/bdf96710-70fa-465f-a6db-19a171d6559f/workspace/open/src/hotspot/shar
Event: 0.646 Thread 0x00007fe1e0044000 Exception <a 'java/lang/NoSuchMethodError'{0x0000000787d85e10}: 'void java.lang.invoke.DirectMethodHandle$Holder.invokeStatic(java.lang.Object, java.lang.Object, java.lang.Object, java.lang.Object)'> (0x0000000787d85e10) 
thrown [/scratch/mesos/slaves/d65fa3d4-10de-46aa-a2db-52cc9981537a-S157/frameworks/1735e8a2-a1db-478c-8104-60c8b0af87dd-0196/executors/cd04c109-7866-4c89-a9cb-580d1b4b0057/runs/bdf96710-70fa-465f-a6db-19a171d6559f/workspace/open/src/hotspot/share/interpreter/linkResolver.cpp, line 767]
Event: 0.780 Thread 0x00007fe1e10f0000 Exception <a 'java/lang/NoSuchMethodError'{0x0000000787a83450}: 'java.lang.Object java.lang.invoke.DirectMethodHandle$Holder.invokeStaticInit(java.lang.Object, java.lang.Object, java.lang.Object, java.lang.Object)'> (0x0000000787a83450) 
thrown [/scratch/mesos/slaves/d65fa3d4-10de-46aa-a2db-52cc9981537a-S157/frameworks/1735e8a2-a1db-478c-8104-60c8b0af87dd-0196/executors/cd04c109-7866-4c89-a9cb-580d1b4b0057/runs/bdf96710-70fa-465f-a6db-19a171d6559f/workspace/open/src/hotspot/share/interpreter/linkResolver.c
Event: 0.782 Thread 0x00007fe1e10f0000 Exception <a 'java/lang/NullPointerException'{0x0000000787a8d928}> (0x0000000787a8d928) 
thrown [/scratch/mesos/slaves/d65fa3d4-10de-46aa-a2db-52cc9981537a-S157/frameworks/1735e8a2-a1db-478c-8104-60c8b0af87dd-0196/executors/cd04c109-7866-4c89-a9cb-580d1b4b0057/runs/bdf96710-70fa-465f-a6db-19a171d6559f/workspace/open/src/hotspot/share/interpreter/linkResolver.cpp, line 1349]
Event: 0.786 Thread 0x00007fe1e10f0000 Exception <a 'java/lang/NoSuchMethodError'{0x0000000787aaeaa8}: 'void java.lang.invoke.DirectMethodHandle$Holder.invokeSpecial(java.lang.Object, java.lang.Object, java.lang.Object, java.lang.Object, java.lang.Object)'> (0x0000000787aaeaa8) 
thrown [/scratch/mesos/slaves/d65fa3d4-10de-46aa-a2db-52cc9981537a-S157/frameworks/1735e8a2-a1db-478c-8104-60c8b0af87dd-0196/executors/cd04c109-7866-4c89-a9cb-580d1b4b0057/runs/bdf96710-70fa-465f-a6db-19a171d6559f/workspace/open/src/hotspot/share/interpreter/linkResolve
Event: 1.013 Thread 0x00007fe1e10f0000 Exception <a 'java/lang/NoSuchMethodError'{0x0000000786e01728}: 'void java.lang.invoke.DirectMethodHandle$Holder.invokeStaticInit(java.lang.Object, java.lang.Object)'> (0x0000000786e01728) 
thrown [/scratch/mesos/slaves/d65fa3d4-10de-46aa-a2db-52cc9981537a-S157/frameworks/1735e8a2-a1db-478c-8104-60c8b0af87dd-0196/executors/cd04c109-7866-4c89-a9cb-580d1b4b0057/runs/bdf96710-70fa-465f-a6db-19a171d6559f/workspace/open/src/hotspot/share/interpreter/linkResolver.cpp, line 767]
Event: 1.056 Thread 0x00007fe1e10f0000 Implicit null exception at 0x0000000115825f05 to 0x00000001158262f2
Event: 1.416 Thread 0x00007fe1e10f0000 Exception <a 'java/lang/NoSuchMethodError'{0x000000078691df20}: 'java.lang.Object java.lang.invoke.Invokers$Holder.linkToTargetMethod(java.lang.Object, int, java.lang.Object)'> (0x000000078691df20) 
thrown [/scratch/mesos/slaves/d65fa3d4-10de-46aa-a2db-52cc9981537a-S157/frameworks/1735e8a2-a1db-478c-8104-60c8b0af87dd-0196/executors/cd04c109-7866-4c89-a9cb-580d1b4b0057/runs/bdf96710-70fa-465f-a6db-19a171d6559f/workspace/open/src/hotspot/share/interpreter/linkResolver.cpp, line 767]
Event: 1.428 Thread 0x00007fe1e10f0000 Exception <a 'java/lang/NoSuchMethodError'{0x0000000786985690}: 'java.lang.Object java.lang.invoke.DirectMethodHandle$Holder.invokeInterface(java.lang.Object, java.lang.Object, java.lang.Object)'> (0x0000000786985690) 
thrown [/scratch/mesos/slaves/d65fa3d4-10de-46aa-a2db-52cc9981537a-S157/frameworks/1735e8a2-a1db-478c-8104-60c8b0af87dd-0196/executors/cd04c109-7866-4c89-a9cb-580d1b4b0057/runs/bdf96710-70fa-465f-a6db-19a171d6559f/workspace/open/src/hotspot/share/interpreter/linkResolver.cpp, line 767]
Event: 1.428 Thread 0x00007fe1e10f0000 Exception <a 'java/lang/IncompatibleClassChangeError'{0x0000000786988520}: Found class java.lang.Object, but interface was expected> (0x0000000786988520) 
thrown [/scratch/mesos/slaves/d65fa3d4-10de-46aa-a2db-52cc9981537a-S157/frameworks/1735e8a2-a1db-478c-8104-60c8b0af87dd-0196/executors/cd04c109-7866-4c89-a9cb-580d1b4b0057/runs/bdf96710-70fa-465f-a6db-19a171d6559f/workspace/open/src/hotspot/share/interpreter/linkResolver.cpp, line 833]
Event: 1.589 Thread 0x00007fe1e10e9000 Exception <a 'java/lang/NoSuchMethodError'{0x0000000786663150}: 'int java.lang.invoke.DirectMethodHandle$Holder.invokeStaticInit(java.lang.Object, java.lang.Object)'> (0x0000000786663150) 
thrown [/scratch/mesos/slaves/d65fa3d4-10de-46aa-a2db-52cc9981537a-S157/frameworks/1735e8a2-a1db-478c-8104-60c8b0af87dd-0196/executors/cd04c109-7866-4c89-a9cb-580d1b4b0057/runs/bdf96710-70fa-465f-a6db-19a171d6559f/workspace/open/src/hotspot/share/interpreter/linkResolver.cpp, line 767]
Event: 2.522 Thread 0x00007fe1e10f0000 Exception <a 'java/lang/NoSuchMethodError'{0x00000007867f6828}: 'java.lang.Object java.lang.invoke.DirectMethodHandle$Holder.invokeStatic(java.lang.Object, java.lang.Object, long, int, int, int)'> (0x00000007867f6828) 
thrown [/scratch/mesos/slaves/d65fa3d4-10de-46aa-a2db-52cc9981537a-S157/frameworks/1735e8a2-a1db-478c-8104-60c8b0af87dd-0196/executors/cd04c109-7866-4c89-a9cb-580d1b4b0057/runs/bdf96710-70fa-465f-a6db-19a171d6559f/workspace/open/src/hotspot/share/interpreter/linkResolver.cpp, line 767]
Event: 2.524 Thread 0x00007fe1e10f0000 Exception <a 'java/lang/NoSuchMethodError'{0x000000078638d370}: 'java.lang.Object java.lang.invoke.DirectMethodHandle$Holder.invokeStatic(java.lang.Object, java.lang.Object, int, java.lang.Object, long, int, int, int, int)'> (0x000000078638d370) 
thrown [/scratch/mesos/slaves/d65fa3d4-10de-46aa-a2db-52cc9981537a-S157/frameworks/1735e8a2-a1db-478c-8104-60c8b0af87dd-0196/executors/cd04c109-7866-4c89-a9cb-580d1b4b0057/runs/bdf96710-70fa-465f-a6db-19a171d6559f/workspace/open/src/hotspot/share/interpreter/linkR
Event: 92.829 Thread 0x00007fe1e0812800 Exception <a 'java/lang/ClassNotFoundException'{0x0000000787fb8200}: sun/awt/resources/spi/awtProvider> (0x0000000787fb8200) 
thrown [/scratch/mesos/slaves/d65fa3d4-10de-46aa-a2db-52cc9981537a-S157/frameworks/1735e8a2-a1db-478c-8104-60c8b0af87dd-0196/executors/cd04c109-7866-4c89-a9cb-580d1b4b0057/runs/bdf96710-70fa-465f-a6db-19a171d6559f/workspace/open/src/hotspot/share/classfile/systemDictionary.cpp, line 232]
Event: 92.837 Thread 0x00007fe1e0812800 Exception <a 'java/io/FileNotFoundException'{0x0000000787fbe870}> (0x0000000787fbe870) 
thrown [/scratch/mesos/slaves/d65fa3d4-10de-46aa-a2db-52cc9981537a-S157/frameworks/1735e8a2-a1db-478c-8104-60c8b0af87dd-0196/executors/cd04c109-7866-4c89-a9cb-580d1b4b0057/runs/bdf96710-70fa-465f-a6db-19a171d6559f/workspace/open/src/hotspot/share/prims/jni.cpp, line 598]
Event: 92.837 Thread 0x00007fe1e0812800 Exception <a 'java/io/FileNotFoundException'{0x0000000787fc01a8}> (0x0000000787fc01a8) 
thrown [/scratch/mesos/slaves/d65fa3d4-10de-46aa-a2db-52cc9981537a-S157/frameworks/1735e8a2-a1db-478c-8104-60c8b0af87dd-0196/executors/cd04c109-7866-4c89-a9cb-580d1b4b0057/runs/bdf96710-70fa-465f-a6db-19a171d6559f/workspace/open/src/hotspot/share/prims/jni.cpp, line 598]
Event: 97.302 Thread 0x00007fe1e0812800 Exception <a 'java/lang/ClassNotFoundException'{0x0000000787bb4408}: sun/awt/resources/spi/awtosxProvider> (0x0000000787bb4408) 
thrown [/scratch/mesos/slaves/d65fa3d4-10de-46aa-a2db-52cc9981537a-S157/frameworks/1735e8a2-a1db-478c-8104-60c8b0af87dd-0196/executors/cd04c109-7866-4c89-a9cb-580d1b4b0057/runs/bdf96710-70fa-465f-a6db-19a171d6559f/workspace/open/src/hotspot/share/classfile/systemDictionary.cpp, line 232]

Events (20 events):
Event: 97.309 loading class java/awt/event/InputEvent$1
Event: 97.309 loading class sun/awt/AWTAccessor$InputEventAccessor
Event: 97.309 loading class sun/awt/AWTAccessor$InputEventAccessor done
Event: 97.309 loading class java/awt/event/InputEvent$1 done
Event: 97.309 loading class sun/lwawt/macosx/LWCToolkit$2
Event: 97.309 loading class sun/lwawt/macosx/LWCToolkit$2 done
Event: 97.309 loading class java/awt/Toolkit$DesktopPropertyChangeSupport
Event: 97.309 loading class java/beans/PropertyChangeSupport
Event: 97.309 loading class java/beans/PropertyChangeSupport done
Event: 97.309 loading class java/awt/Toolkit$DesktopPropertyChangeSupport done
Event: 97.310 loading class java/beans/PropertyChangeSupport$PropertyChangeListenerMap
Event: 97.310 loading class java/beans/ChangeListenerMap
Event: 97.310 loading class java/beans/ChangeListenerMap done
Event: 97.310 loading class java/beans/PropertyChangeSupport$PropertyChangeListenerMap done
Event: 97.310 loading class java/beans/PropertyChangeListener
Event: 97.310 loading class java/beans/PropertyChangeListener done
Event: 97.310 loading class sun/awt/SunToolkit$ModalityListenerList
Event: 97.310 loading class sun/awt/ModalityListener
Event: 97.310 loading class sun/awt/ModalityListener done
Event: 97.310 loading class sun/awt/SunToolkit$ModalityListenerList done


Dynamic libraries:
0x00007fff72088000 	/usr/lib/libz.1.dylib
0x0000000100be0000 	/Library/Java/JavaVirtualMachines/jdk-13.0.2.jdk/Contents/Home/lib/libjli.dylib
0x00007fff37d01000 	/System/Library/Frameworks/Cocoa.framework/Versions/A/Cocoa
0x00007fff454de000 	/System/Library/Frameworks/Security.framework/Versions/A/Security
0x00007fff36c6b000 	/System/Library/Frameworks/ApplicationServices.framework/Versions/A/ApplicationServices
0x00007fff6fb4c000 	/usr/lib/libSystem.B.dylib
0x00007fff72948000 	/usr/lib/system/libcache.dylib
0x00007fff7294e000 	/usr/lib/system/libcommonCrypto.dylib
0x00007fff7295a000 	/usr/lib/system/libcompiler_rt.dylib
0x00007fff72962000 	/usr/lib/system/libcopyfile.dylib
0x00007fff7296c000 	/usr/lib/system/libcorecrypto.dylib
0x00007fff72b0b000 	/usr/lib/system/libdispatch.dylib
0x00007fff72b4c000 	/usr/lib/system/libdyld.dylib
0x00007fff72b83000 	/usr/lib/system/libkeymgr.dylib
0x00007fff72b91000 	/usr/lib/system/liblaunch.dylib
0x00007fff72b92000 	/usr/lib/system/libmacho.dylib
0x00007fff72b98000 	/usr/lib/system/libquarantine.dylib
0x00007fff72b9b000 	/usr/lib/system/libremovefile.dylib
0x00007fff72b9d000 	/usr/lib/system/libsystem_asl.dylib
0x00007fff72bb5000 	/usr/lib/system/libsystem_blocks.dylib
0x00007fff72bb6000 	/usr/lib/system/libsystem_c.dylib
0x00007fff72c3e000 	/usr/lib/system/libsystem_configuration.dylib
0x00007fff72c42000 	/usr/lib/system/libsystem_coreservices.dylib
0x00007fff72c46000 	/usr/lib/system/libsystem_darwin.dylib
0x00007fff72c4f000 	/usr/lib/system/libsystem_dnssd.dylib
0x00007fff72c57000 	/usr/lib/system/libsystem_featureflags.dylib
0x00007fff72c59000 	/usr/lib/system/libsystem_info.dylib
0x00007fff72cd4000 	/usr/lib/system/libsystem_m.dylib
0x00007fff72d1c000 	/usr/lib/system/libsystem_malloc.dylib
0x00007fff72d44000 	/usr/lib/system/libsystem_networkextension.dylib
0x00007fff72d52000 	/usr/lib/system/libsystem_notify.dylib
0x00007fff72d70000 	/usr/lib/system/libsystem_sandbox.dylib
0x00007fff72d75000 	/usr/lib/system/libsystem_secinit.dylib
0x00007fff72ca7000 	/usr/lib/system/libsystem_kernel.dylib
0x00007fff72d5c000 	/usr/lib/system/libsystem_platform.dylib
0x00007fff72d65000 	/usr/lib/system/libsystem_pthread.dylib
0x00007fff72d78000 	/usr/lib/system/libsystem_symptoms.dylib
0x00007fff72d80000 	/usr/lib/system/libsystem_trace.dylib
0x00007fff72d98000 	/usr/lib/system/libunwind.dylib
0x00007fff72d9e000 	/usr/lib/system/libxpc.dylib
0x00007fff719ac000 	/usr/lib/libobjc.A.dylib
0x00007fff6fe85000 	/usr/lib/libc++abi.dylib
0x00007fff6fe32000 	/usr/lib/libc++.1.dylib
0x00007fff38b9c000 	/System/Library/Frameworks/CoreFoundation.framework/Versions/A/CoreFoundation
0x00007fff3b252000 	/System/Library/Frameworks/Foundation.framework/Versions/C/Foundation
0x00007fff35e5c000 	/System/Library/Frameworks/AppKit.framework/Versions/C/AppKit
0x00007fff38685000 	/System/Library/Frameworks/CoreData.framework/Versions/A/CoreData
0x00007fff69b6d000 	/System/Library/PrivateFrameworks/UIFoundation.framework/Versions/A/UIFoundation
0x00007fff64c1b000 	/System/Library/PrivateFrameworks/RemoteViewServices.framework/Versions/A/RemoteViewServices
0x00007fff6c6c1000 	/System/Library/PrivateFrameworks/XCTTargetBootstrap.framework/Versions/A/XCTTargetBootstrap
0x00007fff38a70000 	/System/Library/Frameworks/CoreDisplay.framework/Versions/A/CoreDisplay
0x00007fff3e10b000 	/System/Library/Frameworks/Metal.framework/Versions/A/Metal
0x00007fff52c74000 	/System/Library/PrivateFrameworks/DesktopServicesPriv.framework/Versions/A/DesktopServicesPriv
0x00007fff70c89000 	/usr/lib/liblangid.dylib
0x00007fff51f0d000 	/System/Library/PrivateFrameworks/CoreSVG.framework/Versions/A/CoreSVG
0x00007fff67d71000 	/System/Library/PrivateFrameworks/SkyLight.framework/Versions/A/SkyLight
0x00007fff3901d000 	/System/Library/Frameworks/CoreGraphics.framework/Versions/A/CoreGraphics
0x00007fff34830000 	/System/Library/Frameworks/Accelerate.framework/Versions/A/Accelerate
0x00007fff71f79000 	/usr/lib/libxml2.2.dylib
0x00007fff5dbcd000 	/System/Library/PrivateFrameworks/IconServices.framework/Versions/A/IconServices
0x00007fff3ba31000 	/System/Library/Frameworks/IOSurface.framework/Versions/A/IOSurface
0x00007fff6f676000 	/usr/lib/libDiagnosticMessagesClient.dylib
0x00007fff52ace000 	/System/Library/PrivateFrameworks/DFRFoundation.framework/Versions/A/DFRFoundation
0x00007fff70a18000 	/usr/lib/libicucore.A.dylib
0x00007fff36f9d000 	/System/Library/Frameworks/AudioToolbox.framework/Versions/A/AudioToolbox
0x00007fff37080000 	/System/Library/Frameworks/AudioUnit.framework/Versions/A/AudioUnit
0x00007fff6fd4e000 	/usr/lib/libauto.dylib
0x00007fff52b70000 	/System/Library/PrivateFrameworks/DataDetectorsCore.framework/Versions/A/DataDetectorsCore
0x00007fff37822000 	/System/Library/Frameworks/Carbon.framework/Versions/A/Frameworks/HIToolbox.framework/Versions/A/HIToolbox
0x00007fff446db000 	/System/Library/Frameworks/QuartzCore.framework/Versions/A/QuartzCore
0x00007fff37b61000 	/System/Library/Frameworks/Carbon.framework/Versions/A/Frameworks/SpeechRecognition.framework/Versions/A/SpeechRecognition
0x00007fff525e5000 	/System/Library/PrivateFrameworks/CoreUI.framework/Versions/A/CoreUI
0x00007fff380f0000 	/System/Library/Frameworks/CoreAudio.framework/Versions/A/CoreAudio
0x00007fff3af17000 	/System/Library/Frameworks/DiskArbitration.framework/Versions/A/DiskArbitration
0x00007fff5fc1a000 	/System/Library/PrivateFrameworks/MultitouchSupport.framework/Versions/A/MultitouchSupport
0x00007fff708df000 	/usr/lib/libenergytrace.dylib
0x00007fff3b98b000 	/System/Library/Frameworks/IOKit.framework/Versions/A/IOKit
0x00007fff39f84000 	/System/Library/Frameworks/CoreServices.framework/Versions/A/CoreServices
0x00007fff61db1000 	/System/Library/PrivateFrameworks/PerformanceAnalysis.framework/Versions/A/PerformanceAnalysis
0x00007fff4370e000 	/System/Library/Frameworks/OpenGL.framework/Versions/A/OpenGL
0x00007fff37d0f000 	/System/Library/Frameworks/ColorSync.framework/Versions/A/ColorSync
0x00007fff3969f000 	/System/Library/Frameworks/CoreImage.framework/Versions/A/CoreImage
0x00007fff3a9f6000 	/System/Library/Frameworks/CoreText.framework/Versions/A/CoreText
0x00007fff3bac1000 	/System/Library/Frameworks/ImageIO.framework/Versions/A/ImageIO
0x00007fff6feae000 	/usr/lib/libcompression.dylib
0x00007fff6f9ba000 	/usr/lib/libMobileGestalt.dylib
0x00007fff698e6000 	/System/Library/PrivateFrameworks/TextureIO.framework/Versions/A/TextureIO
0x00007fff6fcb1000 	/usr/lib/libate.dylib
0x00007fff5ddd6000 	/System/Library/PrivateFrameworks/InternationalSupport.framework/Versions/A/InternationalSupport
0x00007fff70c8b000 	/usr/lib/liblzma.5.dylib
0x00007fff70906000 	/usr/lib/libfakelink.dylib
0x00007fff6fc3e000 	/usr/lib/libarchive.2.dylib
0x00007fff4658e000 	/System/Library/Frameworks/SystemConfiguration.framework/Versions/A/SystemConfiguration
0x00007fff6f5a9000 	/usr/lib/libCRFSuite.dylib
0x00007fff37413000 	/System/Library/Frameworks/CFNetwork.framework/Versions/A/CFNetwork
0x00007fff6fe14000 	/usr/lib/libbsm.0.dylib
0x00007fff72b84000 	/usr/lib/system/libkxld.dylib
0x00007fff4c4a3000 	/System/Library/PrivateFrameworks/AppleFSCompression.framework/Versions/A/AppleFSCompression
0x00007fff7019f000 	/usr/lib/libcoretls.dylib
0x00007fff701b6000 	/usr/lib/libcoretls_cfhelpers.dylib
0x00007fff719f2000 	/usr/lib/libpam.2.dylib
0x00007fff71b27000 	/usr/lib/libsqlite3.dylib
0x00007fff71f66000 	/usr/lib/libxar.1.dylib
0x00007fff6fe25000 	/usr/lib/libbz2.1.0.dylib
0x00007fff70927000 	/usr/lib/libiconv.2.dylib
0x00007fff6fe9b000 	/usr/lib/libcharset.1.dylib
0x00007fff71491000 	/usr/lib/libnetwork.dylib
0x00007fff719f9000 	/usr/lib/libpcap.A.dylib
0x00007fff6fbf3000 	/usr/lib/libapple_nghttp2.dylib
0x00007fff3a33b000 	/System/Library/Frameworks/CoreServices.framework/Versions/A/Frameworks/FSEvents.framework/Versions/A/FSEvents
0x00007fff3a00b000 	/System/Library/Frameworks/CoreServices.framework/Versions/A/Frameworks/CarbonCore.framework/Versions/A/CarbonCore
0x00007fff3a57e000 	/System/Library/Frameworks/CoreServices.framework/Versions/A/Frameworks/Metadata.framework/Versions/A/Metadata
0x00007fff3a617000 	/System/Library/Frameworks/CoreServices.framework/Versions/A/Frameworks/OSServices.framework/Versions/A/OSServices
0x00007fff3a645000 	/System/Library/Frameworks/CoreServices.framework/Versions/A/Frameworks/SearchKit.framework/Versions/A/SearchKit
0x00007fff39f85000 	/System/Library/Frameworks/CoreServices.framework/Versions/A/Frameworks/AE.framework/Versions/A/AE
0x00007fff3a344000 	/System/Library/Frameworks/CoreServices.framework/Versions/A/Frameworks/LaunchServices.framework/Versions/A/LaunchServices
0x00007fff3a2ed000 	/System/Library/Frameworks/CoreServices.framework/Versions/A/Frameworks/DictionaryServices.framework/Versions/A/DictionaryServices
0x00007fff3a6ad000 	/System/Library/Frameworks/CoreServices.framework/Versions/A/Frameworks/SharedFileList.framework/Versions/A/SharedFileList
0x00007fff3f52e000 	/System/Library/Frameworks/NetFS.framework/Versions/A/NetFS
0x00007fff60149000 	/System/Library/PrivateFrameworks/NetAuth.framework/Versions/A/NetAuth
0x00007fff6ca8e000 	/System/Library/PrivateFrameworks/login.framework/Versions/A/Frameworks/loginsupport.framework/Versions/A/loginsupport
0x00007fff693b3000 	/System/Library/PrivateFrameworks/TCC.framework/Versions/A/TCC
0x00007fff51080000 	/System/Library/PrivateFrameworks/CoreNLP.framework/Versions/A/CoreNLP
0x00007fff5f648000 	/System/Library/PrivateFrameworks/MetadataUtilities.framework/Versions/A/MetadataUtilities
0x00007fff70d63000 	/usr/lib/libmecabra.dylib
0x00007fff70cbb000 	/usr/lib/libmecab.dylib
0x00007fff70917000 	/usr/lib/libgermantok.dylib
0x00007fff6fbda000 	/usr/lib/libThaiTokenizer.dylib
0x00007fff6f5e0000 	/usr/lib/libChineseTokenizer.dylib
0x00007fff34848000 	/System/Library/Frameworks/Accelerate.framework/Versions/A/Frameworks/vImage.framework/Versions/A/vImage
0x00007fff35cb2000 	/System/Library/Frameworks/Accelerate.framework/Versions/A/Frameworks/vecLib.framework/Versions/A/vecLib
0x00007fff35bef000 	/System/Library/Frameworks/Accelerate.framework/Versions/A/Frameworks/vecLib.framework/Versions/A/libvMisc.dylib
0x00007fff35a17000 	/System/Library/Frameworks/Accelerate.framework/Versions/A/Frameworks/vecLib.framework/Versions/A/libvDSP.dylib
0x00007fff34e9f000 	/System/Library/Frameworks/Accelerate.framework/Versions/A/Frameworks/vecLib.framework/Versions/A/libBLAS.dylib
0x00007fff355db000 	/System/Library/Frameworks/Accelerate.framework/Versions/A/Frameworks/vecLib.framework/Versions/A/libLAPACK.dylib
0x00007fff35977000 	/System/Library/Frameworks/Accelerate.framework/Versions/A/Frameworks/vecLib.framework/Versions/A/libLinearAlgebra.dylib
0x00007fff35a04000 	/System/Library/Frameworks/Accelerate.framework/Versions/A/Frameworks/vecLib.framework/Versions/A/libSparseBLAS.dylib
0x00007fff3598d000 	/System/Library/Frameworks/Accelerate.framework/Versions/A/Frameworks/vecLib.framework/Versions/A/libQuadrature.dylib
0x00007fff35107000 	/System/Library/Frameworks/Accelerate.framework/Versions/A/Frameworks/vecLib.framework/Versions/A/libBNNS.dylib
0x00007fff35993000 	/System/Library/Frameworks/Accelerate.framework/Versions/A/Frameworks/vecLib.framework/Versions/A/libSparse.dylib
0x00007fff5e1be000 	/System/Library/PrivateFrameworks/LanguageModeling.framework/Versions/A/LanguageModeling
0x00007fff50a30000 	/System/Library/PrivateFrameworks/CoreEmoji.framework/Versions/A/CoreEmoji
0x00007fff5e2dc000 	/System/Library/PrivateFrameworks/LinguisticData.framework/Versions/A/LinguisticData
0x00007fff5e28d000 	/System/Library/PrivateFrameworks/Lexicon.framework/Versions/A/Lexicon
0x00007fff6fe9c000 	/usr/lib/libcmph.dylib
0x00007fff4211c000 	/System/Library/Frameworks/OpenDirectory.framework/Versions/A/Frameworks/CFOpenDirectory.framework/Versions/A/CFOpenDirectory
0x00007fff42139000 	/System/Library/Frameworks/OpenDirectory.framework/Versions/A/OpenDirectory
0x00007fff4a559000 	/System/Library/PrivateFrameworks/APFS.framework/Versions/A/APFS
0x00007fff45828000 	/System/Library/Frameworks/SecurityFoundation.framework/Versions/A/SecurityFoundation
0x00007fff71f62000 	/usr/lib/libutil.dylib
0x00007fff51f65000 	/System/Library/PrivateFrameworks/CoreServicesStore.framework/Versions/A/CoreServicesStore
0x00007fff458df000 	/System/Library/Frameworks/ServiceManagement.framework/Versions/A/ServiceManagement
0x00007fff4dc71000 	/System/Library/PrivateFrameworks/BackgroundTaskManagement.framework/Versions/A/BackgroundTaskManagement
0x00007fff7205f000 	/usr/lib/libxslt.1.dylib
0x00007fff4cb15000 	/System/Library/PrivateFrameworks/AppleSystemInfo.framework/Versions/A/AppleSystemInfo
0x00007fff3bcdc000 	/System/Library/Frameworks/ImageIO.framework/Versions/A/Resources/libJPEG.dylib
0x00007fff3bf98000 	/System/Library/Frameworks/ImageIO.framework/Versions/A/Resources/libTIFF.dylib
0x00007fff3bf7b000 	/System/Library/Frameworks/ImageIO.framework/Versions/A/Resources/libPng.dylib
0x00007fff3bc1e000 	/System/Library/Frameworks/ImageIO.framework/Versions/A/Resources/libGIF.dylib
0x00007fff3bc22000 	/System/Library/Frameworks/ImageIO.framework/Versions/A/Resources/libJP2.dylib
0x00007fff3bf96000 	/System/Library/Frameworks/ImageIO.framework/Versions/A/Resources/libRadiance.dylib
0x00007fff708e0000 	/usr/lib/libexpat.1.dylib
0x00007fff4c5fe000 	/System/Library/PrivateFrameworks/AppleJPEG.framework/Versions/A/AppleJPEG
0x00007fff55240000 	/System/Library/PrivateFrameworks/FontServices.framework/libFontParser.dylib
0x00007fff6ba94000 	/System/Library/PrivateFrameworks/WatchdogClient.framework/Versions/A/WatchdogClient
0x00007fff5d81a000 	/System/Library/PrivateFrameworks/IOAccelerator.framework/Versions/A/IOAccelerator
0x00007fff3e4a6000 	/System/Library/Frameworks/MetalPerformanceShaders.framework/Versions/A/MetalPerformanceShaders
0x00007fff59fb3000 	/System/Library/PrivateFrameworks/GPUWrangler.framework/Versions/A/GPUWrangler
0x00007fff5d82f000 	/System/Library/PrivateFrameworks/IOPresentment.framework/Versions/A/IOPresentment
0x00007fff52ae1000 	/System/Library/PrivateFrameworks/DSExternalDisplay.framework/Versions/A/DSExternalDisplay
0x00007fff42aad000 	/System/Library/Frameworks/OpenGL.framework/Versions/A/Libraries/libCoreFSCache.dylib
0x00007fff3e1f2000 	/System/Library/Frameworks/MetalPerformanceShaders.framework/Frameworks/MPSCore.framework/Versions/A/MPSCore
0x00007fff3e230000 	/System/Library/Frameworks/MetalPerformanceShaders.framework/Frameworks/MPSImage.framework/Versions/A/MPSImage
0x00007fff3e2f7000 	/System/Library/Frameworks/MetalPerformanceShaders.framework/Frameworks/MPSNeuralNetwork.framework/Versions/A/MPSNeuralNetwork
0x00007fff3e2bb000 	/System/Library/Frameworks/MetalPerformanceShaders.framework/Frameworks/MPSMatrix.framework/Versions/A/MPSMatrix
0x00007fff3e456000 	/System/Library/Frameworks/MetalPerformanceShaders.framework/Frameworks/MPSRayIntersector.framework/Versions/A/MPSRayIntersector
0x00007fff3e2e1000 	/System/Library/Frameworks/MetalPerformanceShaders.framework/Frameworks/MPSNDArray.framework/Versions/A/MPSNDArray
0x00007fff5f695000 	/System/Library/PrivateFrameworks/MetalTools.framework/Versions/A/MetalTools
0x00007fff4b72b000 	/System/Library/PrivateFrameworks/AggregateDictionary.framework/Versions/A/AggregateDictionary
0x00007fff5048a000 	/System/Library/PrivateFrameworks/CoreAnalytics.framework/Versions/A/CoreAnalytics
0x00007fff4ca34000 	/System/Library/PrivateFrameworks/AppleSauce.framework/Versions/A/AppleSauce
0x00007fff6f89c000 	/usr/lib/libIOReport.dylib
0x00007fff3abae000 	/System/Library/Frameworks/CoreVideo.framework/Versions/A/CoreVideo
0x00007fff5b42d000 	/System/Library/PrivateFrameworks/GraphVisualizer.framework/Versions/A/GraphVisualizer
0x00007fff54794000 	/System/Library/PrivateFrameworks/FaceCore.framework/Versions/A/FaceCore
0x00007fff420c3000 	/System/Library/Frameworks/OpenCL.framework/Versions/A/OpenCL
0x00007fff6f6be000 	/usr/lib/libFosl_dynamic.dylib
0x00007fff60b5e000 	/System/Library/PrivateFrameworks/OTSVG.framework/Versions/A/OTSVG
0x00007fff36d70000 	/System/Library/Frameworks/ApplicationServices.framework/Versions/A/Frameworks/ATS.framework/Versions/A/Resources/libFontRegistry.dylib
0x00007fff55411000 	/System/Library/PrivateFrameworks/FontServices.framework/libhvf.dylib
0x00007fff42ab8000 	/System/Library/Frameworks/OpenGL.framework/Versions/A/Libraries/libGFXShared.dylib
0x00007fff42c96000 	/System/Library/Frameworks/OpenGL.framework/Versions/A/Libraries/libGLU.dylib
0x00007fff42ac1000 	/System/Library/Frameworks/OpenGL.framework/Versions/A/Libraries/libGL.dylib
0x00007fff42acc000 	/System/Library/Frameworks/OpenGL.framework/Versions/A/Libraries/libGLImage.dylib
0x00007fff42aaa000 	/System/Library/Frameworks/OpenGL.framework/Versions/A/Libraries/libCVMSPluginSupport.dylib
0x00007fff42ab3000 	/System/Library/Frameworks/OpenGL.framework/Versions/A/Libraries/libCoreVMClient.dylib
0x00007fff71332000 	/usr/lib/libncurses.5.4.dylib
0x00007fff36c6c000 	/System/Library/Frameworks/ApplicationServices.framework/Versions/A/Frameworks/ATS.framework/Versions/A/ATS
0x00007fff36e39000 	/System/Library/Frameworks/ApplicationServices.framework/Versions/A/Frameworks/ColorSyncLegacy.framework/Versions/A/ColorSyncLegacy
0x00007fff36ed7000 	/System/Library/Frameworks/ApplicationServices.framework/Versions/A/Frameworks/HIServices.framework/Versions/A/HIServices
0x00007fff36f2f000 	/System/Library/Frameworks/ApplicationServices.framework/Versions/A/Frameworks/LangAnalysis.framework/Versions/A/LangAnalysis
0x00007fff36f3e000 	/System/Library/Frameworks/ApplicationServices.framework/Versions/A/Frameworks/PrintCore.framework/Versions/A/PrintCore
0x00007fff36f84000 	/System/Library/Frameworks/ApplicationServices.framework/Versions/A/Frameworks/QD.framework/Versions/A/QD
0x00007fff36f8f000 	/System/Library/Frameworks/ApplicationServices.framework/Versions/A/Frameworks/SpeechSynthesis.framework/Versions/A/SpeechSynthesis
0x00007fff36e09000 	/System/Library/Frameworks/ApplicationServices.framework/Versions/A/Frameworks/ATSUI.framework/Versions/A/ATSUI
0x00007fff70774000 	/usr/lib/libcups.2.dylib
0x00007fff3d543000 	/System/Library/Frameworks/Kerberos.framework/Versions/A/Kerberos
0x00007fff3b684000 	/System/Library/Frameworks/GSS.framework/Versions/A/GSS
0x00007fff71ab3000 	/usr/lib/libresolv.9.dylib
0x00007fff5b5db000 	/System/Library/PrivateFrameworks/Heimdal.framework/Versions/A/Heimdal
0x00007fff3d556000 	/System/Library/Frameworks/Kerberos.framework/Versions/A/Libraries/libHeimdalProxy.dylib
0x00007fff7091d000 	/usr/lib/libheimdal-asn1.dylib
0x00007fff4f923000 	/System/Library/PrivateFrameworks/CommonAuth.framework/Versions/A/CommonAuth
0x00007fff4cbb2000 	/System/Library/PrivateFrameworks/AssertionServices.framework/Versions/A/AssertionServices
0x00007fff4d754000 	/System/Library/PrivateFrameworks/AudioToolboxCore.framework/Versions/A/AudioToolboxCore
0x00007fff6c73e000 	/System/Library/PrivateFrameworks/caulk.framework/Versions/A/caulk
0x00007fff4dd1d000 	/System/Library/PrivateFrameworks/BaseBoard.framework/Versions/A/BaseBoard
0x00007fff64da9000 	/System/Library/PrivateFrameworks/RunningBoardServices.framework/Versions/A/RunningBoardServices
0x00007fff61dbd000 	/System/Library/PrivateFrameworks/PersistentConnection.framework/Versions/A/PersistentConnection
0x00007fff647a3000 	/System/Library/PrivateFrameworks/ProtocolBuffer.framework/Versions/A/ProtocolBuffer
0x00007fff4f947000 	/System/Library/PrivateFrameworks/CommonUtilities.framework/Versions/A/CommonUtilities
0x00007fff4deab000 	/System/Library/PrivateFrameworks/Bom.framework/Versions/A/Bom
0x00007fff6f56f000 	/usr/lib/libAudioToolboxUtility.dylib
0x00007fff4dc7b000 	/System/Library/PrivateFrameworks/Backup.framework/Versions/A/Backup
0x00007fff52a02000 	/System/Library/PrivateFrameworks/CrashReporterSupport.framework/Versions/A/CrashReporterSupport
0x00007fff66837000 	/System/Library/PrivateFrameworks/Sharing.framework/Versions/A/Sharing
0x00007fff4c1c1000 	/System/Library/PrivateFrameworks/Apple80211.framework/Versions/A/Apple80211
0x00007fff4d998000 	/System/Library/PrivateFrameworks/AuthKit.framework/Versions/A/AuthKit
0x00007fff52712000 	/System/Library/PrivateFrameworks/CoreUtils.framework/Versions/A/CoreUtils
0x00007fff3abf3000 	/System/Library/Frameworks/CoreWLAN.framework/Versions/A/CoreWLAN
0x00007fff3b811000 	/System/Library/Frameworks/IOBluetooth.framework/Versions/A/IOBluetooth
0x00007fff5f999000 	/System/Library/PrivateFrameworks/MobileKeyBag.framework/Versions/A/MobileKeyBag
0x00007fff51518000 	/System/Library/PrivateFrameworks/CorePhoneNumbers.framework/Versions/A/CorePhoneNumbers
0x00007fff4c5b1000 	/System/Library/PrivateFrameworks/AppleIDAuthSupport.framework/Versions/A/AppleIDAuthSupport
0x00007fff3f53b000 	/System/Library/Frameworks/Network.framework/Versions/A/Network
0x00007fff5e06a000 	/System/Library/PrivateFrameworks/KeychainCircle.framework/Versions/A/KeychainCircle
0x00007fff3864c000 	/System/Library/Frameworks/CoreBluetooth.framework/Versions/A/CoreBluetooth
0x00007fff688b4000 	/System/Library/PrivateFrameworks/SpeechRecognitionCore.framework/Versions/A/SpeechRecognitionCore
0x0000000101400000 	/Library/Java/JavaVirtualMachines/jdk-13.0.2.jdk/Contents/Home/lib/server/libjvm.dylib
0x00000001021d5000 	/Library/Java/JavaVirtualMachines/jdk-13.0.2.jdk/Contents/Home/lib/libverify.dylib
0x00000001021e1000 	/Library/Java/JavaVirtualMachines/jdk-13.0.2.jdk/Contents/Home/lib/libjava.dylib
0x0000000102263000 	/Library/Java/JavaVirtualMachines/jdk-13.0.2.jdk/Contents/Home/lib/libzip.dylib
0x000000010226a000 	/Library/Java/JavaVirtualMachines/jdk-13.0.2.jdk/Contents/Home/lib/libjimage.dylib
0x00000001056f7000 	/Library/Java/JavaVirtualMachines/jdk-13.0.2.jdk/Contents/Home/lib/libnio.dylib
0x0000000105705000 	/Library/Java/JavaVirtualMachines/jdk-13.0.2.jdk/Contents/Home/lib/libnet.dylib
0x0000000105718000 	/Library/javafx/lib/libprism_es2.dylib
0x00007fff51f31000 	/System/Library/PrivateFrameworks/CoreServicesInternal.framework/Versions/A/CoreServicesInternal
0x00007fff4371e000 	/System/Library/Frameworks/OpenGL.framework/Versions/A/Resources/GLEngine.bundle/GLEngine
0x00007fff42b01000 	/System/Library/Frameworks/OpenGL.framework/Versions/A/Libraries/libGLProgrammability.dylib
0x00007fff2de9e000 	/System/Library/Extensions/AppleIntelBDWGraphicsGLDriver.bundle/Contents/MacOS/AppleIntelBDWGraphicsGLDriver
0x00007fff59fa7000 	/System/Library/PrivateFrameworks/GPUSupport.framework/Versions/A/Libraries/libGPUSupportMercury.dylib
0x00007fff43898000 	/System/Library/Frameworks/OpenGL.framework/Versions/A/Resources/GLRendererFloat.bundle/GLRendererFloat
0x00007fff420ba000 	/System/Library/Frameworks/OpenCL.framework/Versions/A/Libraries/libcldcpuengine.dylib
0x0000000123a43000 	/Library/javafx/lib/libglass.dylib
0x00007fff3b10f000 	/System/Library/Frameworks/FileProvider.framework/Versions/A/FileProvider
0x00007fff35cb3000 	/System/Library/Frameworks/Accounts.framework/Versions/A/Accounts
0x00007fff5a2d8000 	/System/Library/PrivateFrameworks/GenerationalStorage.framework/Versions/A/GenerationalStorage
0x00007fff524b7000 	/System/Library/PrivateFrameworks/CoreSymbolication.framework/Versions/A/CoreSymbolication
0x00007fff690f4000 	/System/Library/PrivateFrameworks/SymptomDiagnosticReporter.framework/Versions/A/SymptomDiagnosticReporter
0x00007fff4bcc6000 	/System/Library/PrivateFrameworks/AppContainer.framework/Versions/A/AppContainer
0x00007fff71acd000 	/usr/lib/libsandbox.1.dylib
0x00007fff6aa38000 	/System/Library/PrivateFrameworks/UserManagement.framework/Versions/A/UserManagement
0x00007fff4ea63000 	/System/Library/PrivateFrameworks/ChunkingLibrary.framework/Versions/A/ChunkingLibrary
0x00007fff52c36000 	/System/Library/PrivateFrameworks/DebugSymbols.framework/Versions/A/DebugSymbols
0x00007fff4bd38000 	/System/Library/PrivateFrameworks/AppSandbox.framework/Versions/A/AppSandbox
0x00007fff666c1000 	/System/Library/PrivateFrameworks/SecCodeWrapper.framework/Versions/A/SecCodeWrapper
0x00007fff6f984000 	/usr/lib/libMatch.1.dylib
0x00007fff2bc1c000 	/System/Library/CoreServices/RawCamera.bundle/Contents/MacOS/RawCamera
0x00007fff5f7c3000 	/System/Library/PrivateFrameworks/MobileAsset.framework/Versions/A/MobileAsset
0x00007fff68f9c000 	/System/Library/PrivateFrameworks/StreamingZip.framework/Versions/A/StreamingZip
0x00007fff3d9be000 	/System/Library/Frameworks/MediaToolbox.framework/Versions/A/MediaToolbox
0x00007fff5043a000 	/System/Library/PrivateFrameworks/CoreAVCHD.framework/Versions/A/CoreAVCHD
0x00007fff3d8e8000 	/System/Library/Frameworks/MediaAccessibility.framework/Versions/A/MediaAccessibility
0x00007fff5eb79000 	/System/Library/PrivateFrameworks/Mangrove.framework/Versions/A/Mangrove
0x00007fff39dbb000 	/System/Library/Frameworks/CoreMedia.framework/Versions/A/CoreMedia
0x00007fff5ede5000 	/System/Library/PrivateFrameworks/MediaExperience.framework/Versions/A/MediaExperience
0x00007fff4687b000 	/System/Library/Frameworks/VideoToolbox.framework/Versions/A/VideoToolbox
0x00007fff50064000 	/System/Library/PrivateFrameworks/CoreAUC.framework/Versions/A/CoreAUC
0x00007fff71b25000 	/usr/lib/libspindump.dylib
0x00007fff4d103000 	/System/Library/PrivateFrameworks/AudioResourceArbitration.framework/Versions/A/AudioResourceArbitration
0x00007fff4cb19000 	/System/Library/PrivateFrameworks/AppleVA.framework/Versions/A/AppleVA
0x00007fff34831000 	/System/Library/Frameworks/Accelerate.framework/Versions/A/Frameworks/vImage.framework/Versions/A/Libraries/libCGInterfaces.dylib
0x00000001249f9000 	/usr/lib/libobjc-trampolines.dylib
0x00007fff6b804000 	/System/Library/PrivateFrameworks/ViewBridge.framework/Versions/A/ViewBridge
0x00007fff55378000 	/System/Library/PrivateFrameworks/FontServices.framework/libTrueTypeScaler.dylib
0x00007fff2e3a3000 	/System/Library/Extensions/AppleIntelBDWGraphicsMTLDriver.bundle/Contents/MacOS/AppleIntelBDWGraphicsMTLDriver
0x00007fff58902000 	/System/Library/PrivateFrameworks/GPUCompiler.framework/Versions/3902/Libraries/libmetal_timestamp.dylib
0x0000000126ba8000 	/Library/javafx/lib/libjavafx_font.dylib
0x0000000126db2000 	/Library/javafx/lib/libjavafx_iio.dylib
0x00007fff6ca91000 	/System/Library/PrivateFrameworks/login.framework/Versions/A/login
0x000000012715d000 	/Library/Java/JavaVirtualMachines/jdk-13.0.2.jdk/Contents/Home/lib/libawt.dylib
0x00000001271f3000 	/Library/Java/JavaVirtualMachines/jdk-13.0.2.jdk/Contents/Home/lib/libmlib_image.dylib
0x00007fff3d52c000 	/System/Library/Frameworks/JavaVM.framework/Versions/A/Frameworks/JavaNativeFoundation.framework/Versions/A/JavaNativeFoundation
0x00007fff3d535000 	/System/Library/Frameworks/JavaVM.framework/Versions/A/Frameworks/JavaRuntimeSupport.framework/Versions/A/JavaRuntimeSupport
0x00007fff3d53e000 	/System/Library/Frameworks/JavaVM.framework/Versions/A/JavaVM
0x00007fff5de81000 	/System/Library/PrivateFrameworks/JavaLaunching.framework/Versions/A/JavaLaunching
0x00007fff3781d000 	/System/Library/Frameworks/Carbon.framework/Versions/A/Carbon
0x00007fff3781e000 	/System/Library/Frameworks/Carbon.framework/Versions/A/Frameworks/CommonPanels.framework/Versions/A/CommonPanels
0x00007fff37b17000 	/System/Library/Frameworks/Carbon.framework/Versions/A/Frameworks/Help.framework/Versions/A/Help
0x00007fff37b1b000 	/System/Library/Frameworks/Carbon.framework/Versions/A/Frameworks/ImageCapture.framework/Versions/A/ImageCapture
0x00007fff37b22000 	/System/Library/Frameworks/Carbon.framework/Versions/A/Frameworks/OpenScripting.framework/Versions/A/OpenScripting
0x00007fff37b21000 	/System/Library/Frameworks/Carbon.framework/Versions/A/Frameworks/Ink.framework/Versions/A/Ink
0x00007fff37b5d000 	/System/Library/Frameworks/Carbon.framework/Versions/A/Frameworks/Print.framework/Versions/A/Print
0x00007fff37b5e000 	/System/Library/Frameworks/Carbon.framework/Versions/A/Frameworks/SecurityHI.framework/Versions/A/SecurityHI
0x0000000127259000 	/Library/Java/JavaVirtualMachines/jdk-13.0.2.jdk/Contents/Home/lib/libawt_lwawt.dylib
0x0000000126ec9000 	/Library/Java/JavaVirtualMachines/jdk-13.0.2.jdk/Contents/Home/lib/libosxapp.dylib
0x00007fff3b0f0000 	/System/Library/Frameworks/ExceptionHandling.framework/Versions/A/ExceptionHandling
0x0000000127303000 	/Library/Java/JavaVirtualMachines/jdk-13.0.2.jdk/Contents/Home/lib/libjavajpeg.dylib
0x00000001275e8000 	/Library/Java/JavaVirtualMachines/jdk-13.0.2.jdk/Contents/Home/lib/libfontmanager.dylib
0x00000001276e6000 	/Library/Java/JavaVirtualMachines/jdk-13.0.2.jdk/Contents/Home/lib/libfreetype.dylib


VM Arguments:
jvm_args: --module-path=/Library/javafx/lib --add-modules=javafx.controls -Dfile.encoding=UTF-8 
java_command: Launcher
java_class_path (initial): /Library/javafx/lib/javafx.web.jar:/Library/javafx/lib/javafx-swt.jar:/Library/javafx/lib/javafx.base.jar:/Library/javafx/lib/javafx.controls.jar:/Library/javafx/lib/javafx.fxml.jar:/Library/javafx/lib/javafx.graphics.jar:/Library/javafx/lib/javafx.media.jar:/Library/javafx/lib/javafx.swing.jar:/Users/maxiiiiiiiiime/Documents/Image/ProjetImageMax/bin
Launcher Type: SUN_STANDARD

[Global flags]
     intx CICompilerCount                          = 3                                         {product} {ergonomic}
     uint ConcGCThreads                            = 1                                         {product} {ergonomic}
     uint G1ConcRefinementThreads                  = 4                                         {product} {ergonomic}
   size_t G1HeapRegionSize                         = 1048576                                   {product} {ergonomic}
    uintx GCDrainStackTargetSize                   = 64                                        {product} {ergonomic}
   size_t InitialHeapSize                          = 134217728                                 {product} {ergonomic}
   size_t MarkStackSize                            = 4194304                                   {product} {ergonomic}
   size_t MaxHeapSize                              = 2147483648                                {product} {ergonomic}
   size_t MaxNewSize                               = 1287651328                                {product} {ergonomic}
   size_t MinHeapDeltaBytes                        = 1048576                                   {product} {ergonomic}
   size_t MinHeapSize                              = 8388608                                   {product} {ergonomic}
    uintx NonNMethodCodeHeapSize                   = 5832780                                {pd product} {ergonomic}
    uintx NonProfiledCodeHeapSize                  = 122912730                              {pd product} {ergonomic}
    uintx ProfiledCodeHeapSize                     = 122912730                              {pd product} {ergonomic}
    uintx ReservedCodeCacheSize                    = 251658240                              {pd product} {ergonomic}
     bool SegmentedCodeCache                       = true                                      {product} {ergonomic}
   size_t SoftMaxHeapSize                          = 2147483648                             {manageable} {ergonomic}
     bool UseCompressedClassPointers               = true                                 {lp64_product} {ergonomic}
     bool UseCompressedOops                        = true                                 {lp64_product} {ergonomic}
     bool UseG1GC                                  = true                                      {product} {ergonomic}

Logging:
Log output configuration:
 #0: stdout all=warning uptime,level,tags
 #1: stderr all=off uptime,level,tags

Environment Variables:
PATH=/usr/bin:/bin:/usr/sbin:/sbin
SHELL=/bin/bash

Signal Handlers:
SIGSEGV: [libjvm.dylib+0x77ba40], sa_mask[0]=11111111011111110111111111111111, sa_flags=SA_ONSTACK|SA_RESTART|SA_SIGINFO
SIGBUS: [libjvm.dylib+0x77ba40], sa_mask[0]=11111111011111110111111111111111, sa_flags=SA_RESTART|SA_SIGINFO
SIGFPE: [libjvm.dylib+0x77ba40], sa_mask[0]=11111111011111110111111111111111, sa_flags=SA_RESTART|SA_SIGINFO
SIGPIPE: [libjvm.dylib+0x6221fd], sa_mask[0]=11111111011111110111111111111111, sa_flags=SA_RESTART|SA_SIGINFO
SIGXFSZ: [libjvm.dylib+0x6221fd], sa_mask[0]=11111111011111110111111111111111, sa_flags=SA_RESTART|SA_SIGINFO
SIGILL: [libjvm.dylib+0x77ba40], sa_mask[0]=11111111011111110111111111111111, sa_flags=SA_RESTART|SA_SIGINFO
SIGUSR2: [libjvm.dylib+0x6227e7], sa_mask[0]=00100000000000000000000000000000, sa_flags=SA_RESTART|SA_SIGINFO
SIGHUP: [libjvm.dylib+0x6217d5], sa_mask[0]=11111111011111110111111111111111, sa_flags=SA_RESTART|SA_SIGINFO
SIGINT: [libjvm.dylib+0x6217d5], sa_mask[0]=11111111011111110111111111111111, sa_flags=SA_RESTART|SA_SIGINFO
SIGTERM: [libjvm.dylib+0x6217d5], sa_mask[0]=11111111011111110111111111111111, sa_flags=SA_RESTART|SA_SIGINFO
SIGQUIT: [libjvm.dylib+0x6217d5], sa_mask[0]=11111111011111110111111111111111, sa_flags=SA_RESTART|SA_SIGINFO


---------------  S Y S T E M  ---------------

OS:uname:Darwin 19.4.0 Darwin Kernel Version 19.4.0: Wed Mar  4 22:28:40 PST 2020; root:xnu-6153.101.6~15/RELEASE_X86_64 x86_64
rlimit: STACK 8192k, CORE 0k, NPROC 1392, NOFILE 10240, AS infinity, DATA infinity, FSIZE infinity
load average:1.91 1.63 1.78

CPU:total 4 (initial active 4) (2 cores per cpu, 2 threads per core) family 6 model 61 stepping 4, cmov, cx8, fxsr, mmx, sse, sse2, sse3, ssse3, sse4.1, sse4.2, popcnt, avx, avx2, aes, clmul, erms, rtm, 3dnowpref, lzcnt, ht, tsc, tscinvbit, bmi1, bmi2, adx, fma

Memory: 4k page, physical 8388608k(32168k free), swap 2097152k(1485056k free)

vm_info: Java HotSpot(TM) 64-Bit Server VM (13.0.2+8) for bsd-amd64 JRE (13.0.2+8), built on Dec 11 2019 09:27:08 by "mach5one" with clang 4.2.1 Compatible Apple LLVM 10.0.0 (clang-1000.11.45.5)

END.
